0 verbose cli /usr/local/bin/node /usr/src/node-red/node_modules/npm/bin/npm-cli.js
1 info using npm@11.16.0
2 info using node@v24.16.0
3 silly config load:file:/usr/src/node-red/node_modules/npm/npmrc
4 silly config load:file:/data/.npmrc
5 silly config load:file:/usr/src/node-red/.npmrc
6 silly config load:file:/usr/local/etc/npmrc
7 verbose title npm install @flowfuse/node-red-dashboard@1.30.2
8 verbose argv "install" "--no-audit" "--no-update-notifier" "--no-fund" "--save" "--save-prefix" "~" "--omit" "dev" "--engine-strict" "--" "@flowfuse/node-red-dashboard@1.30.2"
9 verbose logfile logs-max:10 dir:/data/.npm/_logs/2026-06-17T17_02_42_912Z-
10 verbose logfile /data/.npm/_logs/2026-06-17T17_02_42_912Z-debug-0.log
11 silly logfile done cleaning log files
12 silly packumentCache heap:2348810240 maxSize:587202560 maxEntrySize:293601280
13 silly idealTree buildDeps
14 silly fetch manifest @flowfuse/node-red-dashboard@1.30.2
15 silly packumentCache full:https://registry.npmjs.org/@flowfuse%2fnode-red-dashboard cache-miss
16 http fetch GET 200 https://registry.npmjs.org/@flowfuse%2fnode-red-dashboard 985ms (cache miss)
17 silly packumentCache full:https://registry.npmjs.org/@flowfuse%2fnode-red-dashboard set size:undefined disposed:false
18 silly placeDep ROOT @flowfuse/node-red-dashboard@1.30.2 OK for: node-red-project@0.0.1 want: 1.30.2
19 silly fetch manifest d3@^7.9.0
20 silly packumentCache full:https://registry.npmjs.org/d3 cache-miss
21 silly fetch manifest vue@^3.5.25
22 silly packumentCache full:https://registry.npmjs.org/vue cache-miss
23 silly fetch manifest acorn@^8.15.0
24 silly packumentCache full:https://registry.npmjs.org/acorn cache-miss
25 silly fetch manifest axios@^1.13.2
26 silly packumentCache full:https://registry.npmjs.org/axios cache-miss
27 silly fetch manifest echarts@^6.0.0
28 silly packumentCache full:https://registry.npmjs.org/echarts cache-miss
29 silly fetch manifest escodegen@^2.1.0
30 silly packumentCache full:https://registry.npmjs.org/escodegen cache-miss
31 silly fetch manifest lodash.merge@^4.6.2
32 silly packumentCache full:https://registry.npmjs.org/lodash.merge cache-miss
33 http fetch GET 200 https://registry.npmjs.org/d3 279ms (cache miss)
34 silly packumentCache full:https://registry.npmjs.org/d3 set size:undefined disposed:false
35 http fetch GET 200 https://registry.npmjs.org/vue 336ms (cache miss)
36 silly packumentCache full:https://registry.npmjs.org/vue set size:undefined disposed:false
37 http fetch GET 200 https://registry.npmjs.org/lodash.merge 375ms (cache miss)
38 silly packumentCache full:https://registry.npmjs.org/lodash.merge set size:undefined disposed:false
39 http fetch GET 200 https://registry.npmjs.org/escodegen 387ms (cache miss)
40 silly packumentCache full:https://registry.npmjs.org/escodegen set size:undefined disposed:false
41 http fetch GET 200 https://registry.npmjs.org/echarts 402ms (cache miss)
42 silly packumentCache full:https://registry.npmjs.org/echarts set size:undefined disposed:false
43 http fetch GET 200 https://registry.npmjs.org/acorn 409ms (cache miss)
44 silly packumentCache full:https://registry.npmjs.org/acorn set size:undefined disposed:false
45 http fetch GET 200 https://registry.npmjs.org/axios 421ms (cache miss)
46 silly packumentCache full:https://registry.npmjs.org/axios set size:undefined disposed:false
47 silly fetch manifest typescript@*
48 silly packumentCache full:https://registry.npmjs.org/typescript cache-miss
49 http fetch GET 200 https://registry.npmjs.org/typescript 479ms (cache miss)
50 silly packumentCache full:https://registry.npmjs.org/typescript set size:undefined disposed:false
51 silly placeDep ROOT acorn@8.17.0 OK for: @flowfuse/node-red-dashboard@1.30.2 want: ^8.15.0
52 silly placeDep ROOT axios@1.18.0 OK for: @flowfuse/node-red-dashboard@1.30.2 want: ^1.13.2
53 silly placeDep ROOT d3@7.9.0 OK for: @flowfuse/node-red-dashboard@1.30.2 want: ^7.9.0
54 silly placeDep ROOT echarts@6.1.0 OK for: @flowfuse/node-red-dashboard@1.30.2 want: ^6.0.0
55 silly placeDep ROOT escodegen@2.1.0 OK for: @flowfuse/node-red-dashboard@1.30.2 want: ^2.1.0
56 silly placeDep ROOT lodash.merge@4.6.2 OK for: @flowfuse/node-red-dashboard@1.30.2 want: ^4.6.2
57 silly placeDep ROOT vue@3.5.38 OK for: @flowfuse/node-red-dashboard@1.30.2 want: ^3.5.25
58 silly fetch manifest proxy-from-env@^2.1.0
59 silly packumentCache full:https://registry.npmjs.org/proxy-from-env cache-miss
60 silly fetch manifest follow-redirects@^1.16.0
61 silly packumentCache full:https://registry.npmjs.org/follow-redirects cache-miss
62 silly fetch manifest https-proxy-agent@^5.0.1
63 silly packumentCache full:https://registry.npmjs.org/https-proxy-agent cache-miss
64 silly fetch manifest d3-dsv@3
65 silly packumentCache full:https://registry.npmjs.org/d3-dsv cache-miss
66 silly fetch manifest d3-geo@3
67 silly packumentCache full:https://registry.npmjs.org/d3-geo cache-miss
68 silly fetch manifest d3-axis@3
69 silly packumentCache full:https://registry.npmjs.org/d3-axis cache-miss
70 silly fetch manifest d3-drag@3
71 silly packumentCache full:https://registry.npmjs.org/d3-drag cache-miss
72 silly fetch manifest d3-ease@3
73 silly packumentCache full:https://registry.npmjs.org/d3-ease cache-miss
74 silly fetch manifest d3-path@3
75 silly packumentCache full:https://registry.npmjs.org/d3-path cache-miss
76 silly fetch manifest d3-time@3
77 silly packumentCache full:https://registry.npmjs.org/d3-time cache-miss
78 silly fetch manifest d3-zoom@3
79 silly packumentCache full:https://registry.npmjs.org/d3-zoom cache-miss
80 http fetch GET 200 https://registry.npmjs.org/proxy-from-env 71ms (cache miss)
81 silly packumentCache full:https://registry.npmjs.org/proxy-from-env set size:undefined disposed:false
82 silly fetch manifest d3-array@3
83 silly packumentCache full:https://registry.npmjs.org/d3-array cache-miss
84 http fetch GET 200 https://registry.npmjs.org/https-proxy-agent 105ms (cache updated)
85 silly packumentCache full:https://registry.npmjs.org/https-proxy-agent set size:undefined disposed:false
86 silly fetch manifest d3-brush@3
87 silly packumentCache full:https://registry.npmjs.org/d3-brush cache-miss
88 http fetch GET 200 https://registry.npmjs.org/d3-drag 260ms (cache miss)
89 silly packumentCache full:https://registry.npmjs.org/d3-drag set size:undefined disposed:false
90 silly fetch manifest d3-chord@3
91 silly packumentCache full:https://registry.npmjs.org/d3-chord cache-miss
92 http fetch GET 200 https://registry.npmjs.org/d3-axis 272ms (cache miss)
93 silly packumentCache full:https://registry.npmjs.org/d3-axis set size:undefined disposed:false
94 silly fetch manifest d3-color@3
95 silly packumentCache full:https://registry.npmjs.org/d3-color cache-miss
96 http fetch GET 200 https://registry.npmjs.org/d3-ease 279ms (cache miss)
97 silly packumentCache full:https://registry.npmjs.org/d3-ease set size:undefined disposed:false
98 silly fetch manifest d3-fetch@3
99 silly packumentCache full:https://registry.npmjs.org/d3-fetch cache-miss
100 http fetch GET 200 https://registry.npmjs.org/d3-dsv 295ms (cache miss)
101 silly packumentCache full:https://registry.npmjs.org/d3-dsv set size:undefined disposed:false
102 silly fetch manifest d3-force@3
103 silly packumentCache full:https://registry.npmjs.org/d3-force cache-miss
104 http fetch GET 200 https://registry.npmjs.org/follow-redirects 305ms (cache miss)
105 silly packumentCache full:https://registry.npmjs.org/follow-redirects set size:undefined disposed:false
106 silly fetch manifest d3-scale@4
107 silly packumentCache full:https://registry.npmjs.org/d3-scale cache-miss
108 http fetch GET 200 https://registry.npmjs.org/d3-path 337ms (cache miss)
109 silly packumentCache full:https://registry.npmjs.org/d3-path set size:undefined disposed:false
110 silly fetch manifest d3-shape@3
111 silly packumentCache full:https://registry.npmjs.org/d3-shape cache-miss
112 http fetch GET 200 https://registry.npmjs.org/d3-geo 349ms (cache miss)
113 silly packumentCache full:https://registry.npmjs.org/d3-geo set size:undefined disposed:false
114 silly fetch manifest d3-timer@3
115 silly packumentCache full:https://registry.npmjs.org/d3-timer cache-miss
116 http fetch GET 200 https://registry.npmjs.org/d3-array 288ms (cache miss)
117 silly packumentCache full:https://registry.npmjs.org/d3-array set size:undefined disposed:false
118 silly fetch manifest d3-format@3
119 silly packumentCache full:https://registry.npmjs.org/d3-format cache-miss
120 http fetch GET 200 https://registry.npmjs.org/d3-time 364ms (cache miss)
121 silly packumentCache full:https://registry.npmjs.org/d3-time set size:undefined disposed:false
122 silly fetch manifest d3-random@3
123 silly packumentCache full:https://registry.npmjs.org/d3-random cache-miss
124 http fetch GET 200 https://registry.npmjs.org/d3-zoom 373ms (cache miss)
125 silly packumentCache full:https://registry.npmjs.org/d3-zoom set size:undefined disposed:false
126 silly fetch manifest d3-contour@4
127 silly packumentCache full:https://registry.npmjs.org/d3-contour cache-miss
128 http fetch GET 200 https://registry.npmjs.org/d3-timer 65ms (cache miss)
129 silly packumentCache full:https://registry.npmjs.org/d3-timer set size:undefined disposed:false
130 silly fetch manifest d3-polygon@3
131 silly packumentCache full:https://registry.npmjs.org/d3-polygon cache-miss
132 http fetch GET 200 https://registry.npmjs.org/d3-brush 320ms (cache miss)
133 silly packumentCache full:https://registry.npmjs.org/d3-brush set size:undefined disposed:false
134 silly fetch manifest d3-delaunay@6
135 silly packumentCache full:https://registry.npmjs.org/d3-delaunay cache-miss
136 http fetch GET 200 https://registry.npmjs.org/d3-chord 264ms (cache miss)
137 silly packumentCache full:https://registry.npmjs.org/d3-chord set size:undefined disposed:false
138 silly fetch manifest d3-dispatch@3
139 silly packumentCache full:https://registry.npmjs.org/d3-dispatch cache-miss
140 http fetch GET 200 https://registry.npmjs.org/d3-color 255ms (cache miss)
141 silly packumentCache full:https://registry.npmjs.org/d3-color set size:undefined disposed:false
142 silly fetch manifest d3-quadtree@3
143 silly packumentCache full:https://registry.npmjs.org/d3-quadtree cache-miss
144 http fetch GET 200 https://registry.npmjs.org/d3-fetch 252ms (cache miss)
145 silly packumentCache full:https://registry.npmjs.org/d3-fetch set size:undefined disposed:false
146 silly fetch manifest d3-hierarchy@3
147 silly packumentCache full:https://registry.npmjs.org/d3-hierarchy cache-miss
148 http fetch GET 200 https://registry.npmjs.org/d3-force 270ms (cache miss)
149 silly packumentCache full:https://registry.npmjs.org/d3-force set size:undefined disposed:false
150 silly fetch manifest d3-selection@3
151 silly packumentCache full:https://registry.npmjs.org/d3-selection cache-miss
152 http fetch GET 200 https://registry.npmjs.org/d3-scale 306ms (cache miss)
153 silly packumentCache full:https://registry.npmjs.org/d3-scale set size:undefined disposed:false
154 silly fetch manifest d3-transition@3
155 silly packumentCache full:https://registry.npmjs.org/d3-transition cache-miss
156 http fetch GET 200 https://registry.npmjs.org/d3-random 261ms (cache miss)
157 silly packumentCache full:https://registry.npmjs.org/d3-random set size:undefined disposed:false
158 silly fetch manifest d3-interpolate@3
159 silly packumentCache full:https://registry.npmjs.org/d3-interpolate cache-miss
160 http fetch GET 200 https://registry.npmjs.org/d3-format 269ms (cache miss)
161 silly packumentCache full:https://registry.npmjs.org/d3-format set size:undefined disposed:false
162 silly fetch manifest d3-time-format@4
163 silly packumentCache full:https://registry.npmjs.org/d3-time-format cache-miss
164 http fetch GET 200 https://registry.npmjs.org/d3-shape 316ms (cache miss)
165 silly packumentCache full:https://registry.npmjs.org/d3-shape set size:undefined disposed:false
166 silly fetch manifest d3-scale-chromatic@3
167 silly packumentCache full:https://registry.npmjs.org/d3-scale-chromatic cache-miss
168 http fetch GET 200 https://registry.npmjs.org/d3-contour 283ms (cache miss)
169 silly packumentCache full:https://registry.npmjs.org/d3-contour set size:undefined disposed:false
170 silly fetch manifest tslib@2.3.0
171 silly packumentCache full:https://registry.npmjs.org/tslib cache-miss
172 http fetch GET 200 https://registry.npmjs.org/d3-polygon 265ms (cache miss)
173 silly packumentCache full:https://registry.npmjs.org/d3-polygon set size:undefined disposed:false
174 silly fetch manifest zrender@6.1.0
175 silly packumentCache full:https://registry.npmjs.org/zrender cache-miss
176 http fetch GET 200 https://registry.npmjs.org/d3-delaunay 265ms (cache miss)
177 silly packumentCache full:https://registry.npmjs.org/d3-delaunay set size:undefined disposed:false
178 silly fetch manifest estraverse@^5.2.0
179 silly packumentCache full:https://registry.npmjs.org/estraverse cache-miss
180 http fetch GET 200 https://registry.npmjs.org/tslib 71ms (cache miss)
181 silly packumentCache full:https://registry.npmjs.org/tslib set size:undefined disposed:false
182 silly fetch manifest esutils@^2.0.2
183 silly packumentCache full:https://registry.npmjs.org/esutils cache-miss
184 http fetch GET 200 https://registry.npmjs.org/d3-quadtree 257ms (cache miss)
185 silly packumentCache full:https://registry.npmjs.org/d3-quadtree set size:undefined disposed:false
186 silly fetch manifest esprima@^4.0.1
187 silly packumentCache full:https://registry.npmjs.org/esprima cache-miss
188 http fetch GET 200 https://registry.npmjs.org/d3-dispatch 265ms (cache miss)
189 silly packumentCache full:https://registry.npmjs.org/d3-dispatch set size:undefined disposed:false
190 silly fetch manifest source-map@~0.6.1
191 silly packumentCache full:https://registry.npmjs.org/source-map cache-miss
192 http fetch GET 200 https://registry.npmjs.org/d3-hierarchy 285ms (cache miss)
193 silly packumentCache full:https://registry.npmjs.org/d3-hierarchy set size:undefined disposed:false
194 silly fetch manifest @vue/shared@3.5.38
195 silly packumentCache full:https://registry.npmjs.org/@vue%2fshared cache-miss
196 http fetch GET 200 https://registry.npmjs.org/d3-selection 312ms (cache miss)
197 silly packumentCache full:https://registry.npmjs.org/d3-selection set size:undefined disposed:false
198 silly fetch manifest @vue/runtime-dom@3.5.38
199 silly packumentCache full:https://registry.npmjs.org/@vue%2fruntime-dom cache-miss
200 http fetch GET 200 https://registry.npmjs.org/source-map 109ms (cache miss)
201 silly packumentCache full:https://registry.npmjs.org/source-map set size:undefined disposed:false
202 silly fetch manifest @vue/compiler-dom@3.5.38
203 silly packumentCache full:https://registry.npmjs.org/@vue%2fcompiler-dom cache-miss
204 http fetch GET 200 https://registry.npmjs.org/d3-time-format 286ms (cache miss)
205 silly packumentCache full:https://registry.npmjs.org/d3-time-format set size:undefined disposed:false
206 silly fetch manifest @vue/compiler-sfc@3.5.38
207 silly packumentCache full:https://registry.npmjs.org/@vue%2fcompiler-sfc cache-miss
208 http fetch GET 200 https://registry.npmjs.org/d3-interpolate 334ms (cache miss)
209 silly packumentCache full:https://registry.npmjs.org/d3-interpolate set size:undefined disposed:false
210 silly fetch manifest @vue/server-renderer@3.5.38
211 silly packumentCache full:https://registry.npmjs.org/@vue%2fserver-renderer cache-miss
212 http fetch GET 200 https://registry.npmjs.org/d3-scale-chromatic 322ms (cache miss)
213 silly packumentCache full:https://registry.npmjs.org/d3-scale-chromatic set size:undefined disposed:false
214 http fetch GET 200 https://registry.npmjs.org/estraverse 288ms (cache miss)
215 silly packumentCache full:https://registry.npmjs.org/estraverse set size:undefined disposed:false
216 http fetch GET 200 https://registry.npmjs.org/d3-transition 372ms (cache miss)
217 silly packumentCache full:https://registry.npmjs.org/d3-transition set size:undefined disposed:false
218 http fetch GET 200 https://registry.npmjs.org/zrender 317ms (cache miss)
219 silly packumentCache full:https://registry.npmjs.org/zrender set size:undefined disposed:false
220 http fetch GET 200 https://registry.npmjs.org/esutils 280ms (cache miss)
221 silly packumentCache full:https://registry.npmjs.org/esutils set size:undefined disposed:false
222 http fetch GET 200 https://registry.npmjs.org/esprima 258ms (cache miss)
223 silly packumentCache full:https://registry.npmjs.org/esprima set size:undefined disposed:false
224 http fetch GET 200 https://registry.npmjs.org/@vue%2fshared 594ms (cache miss)
225 silly packumentCache full:https://registry.npmjs.org/@vue%2fshared set size:undefined disposed:false
226 http fetch GET 200 https://registry.npmjs.org/@vue%2fruntime-dom 622ms (cache miss)
227 silly packumentCache full:https://registry.npmjs.org/@vue%2fruntime-dom set size:undefined disposed:false
228 http fetch GET 200 https://registry.npmjs.org/@vue%2fcompiler-sfc 654ms (cache miss)
229 silly packumentCache full:https://registry.npmjs.org/@vue%2fcompiler-sfc set size:undefined disposed:false
230 http fetch GET 200 https://registry.npmjs.org/@vue%2fcompiler-dom 675ms (cache miss)
231 silly packumentCache full:https://registry.npmjs.org/@vue%2fcompiler-dom set size:undefined disposed:false
232 http fetch GET 200 https://registry.npmjs.org/@vue%2fserver-renderer 640ms (cache miss)
233 silly packumentCache full:https://registry.npmjs.org/@vue%2fserver-renderer set size:undefined disposed:false
234 silly placeDep ROOT follow-redirects@1.16.0 OK for: axios@1.18.0 want: ^1.16.0
235 silly placeDep node_modules/axios https-proxy-agent@5.0.1 OK for: axios@1.18.0 want: ^5.0.1
236 silly placeDep ROOT proxy-from-env@2.1.0 OK for: axios@1.18.0 want: ^2.1.0
237 silly fetch manifest debug@4
238 silly packumentCache full:https://registry.npmjs.org/debug cache-miss
239 silly fetch manifest agent-base@6
240 silly packumentCache full:https://registry.npmjs.org/agent-base cache-miss
241 http fetch GET 200 https://registry.npmjs.org/agent-base 81ms (cache revalidated)
242 silly packumentCache full:https://registry.npmjs.org/agent-base set size:72085 disposed:false
243 http fetch GET 200 https://registry.npmjs.org/debug 86ms (cache revalidated)
244 silly packumentCache full:https://registry.npmjs.org/debug set size:195840 disposed:false
245 silly placeDep ROOT d3-array@3.2.4 OK for: d3@7.9.0 want: 3
246 silly placeDep ROOT d3-axis@3.0.0 OK for: d3@7.9.0 want: 3
247 silly placeDep ROOT d3-brush@3.0.0 OK for: d3@7.9.0 want: 3
248 silly placeDep ROOT d3-chord@3.0.1 OK for: d3@7.9.0 want: 3
249 silly placeDep ROOT d3-color@3.1.0 OK for: d3@7.9.0 want: 3
250 silly placeDep ROOT d3-contour@4.0.2 OK for: d3@7.9.0 want: 4
251 silly placeDep ROOT d3-delaunay@6.0.4 OK for: d3@7.9.0 want: 6
252 silly placeDep ROOT d3-dispatch@3.0.1 OK for: d3@7.9.0 want: 3
253 silly placeDep ROOT d3-drag@3.0.0 OK for: d3@7.9.0 want: 3
254 silly placeDep ROOT d3-dsv@3.0.1 OK for: d3@7.9.0 want: 3
255 silly placeDep ROOT d3-ease@3.0.1 OK for: d3@7.9.0 want: 3
256 silly placeDep ROOT d3-fetch@3.0.1 OK for: d3@7.9.0 want: 3
257 silly placeDep ROOT d3-force@3.0.0 OK for: d3@7.9.0 want: 3
258 silly placeDep ROOT d3-format@3.1.2 OK for: d3@7.9.0 want: 3
259 silly placeDep ROOT d3-geo@3.1.1 OK for: d3@7.9.0 want: 3
260 silly placeDep ROOT d3-hierarchy@3.1.2 OK for: d3@7.9.0 want: 3
261 silly placeDep ROOT d3-interpolate@3.0.1 OK for: d3@7.9.0 want: 3
262 silly placeDep ROOT d3-path@3.1.0 OK for: d3@7.9.0 want: 3
263 silly placeDep ROOT d3-polygon@3.0.1 OK for: d3@7.9.0 want: 3
264 silly placeDep ROOT d3-quadtree@3.0.1 OK for: d3@7.9.0 want: 3
265 silly placeDep ROOT d3-random@3.0.1 OK for: d3@7.9.0 want: 3
266 silly placeDep ROOT d3-scale@4.0.2 OK for: d3@7.9.0 want: 4
267 silly placeDep ROOT d3-scale-chromatic@3.1.0 OK for: d3@7.9.0 want: 3
268 silly placeDep ROOT d3-selection@3.0.0 OK for: d3@7.9.0 want: 3
269 silly placeDep ROOT d3-shape@3.2.0 OK for: d3@7.9.0 want: 3
270 silly placeDep ROOT d3-time@3.1.0 OK for: d3@7.9.0 want: 3
271 silly placeDep ROOT d3-time-format@4.1.0 OK for: d3@7.9.0 want: 4
272 silly placeDep ROOT d3-timer@3.0.1 OK for: d3@7.9.0 want: 3
273 silly placeDep ROOT d3-transition@3.0.1 OK for: d3@7.9.0 want: 3
274 silly placeDep ROOT d3-zoom@3.0.0 OK for: d3@7.9.0 want: 3
275 silly fetch manifest internmap@1 - 2
276 silly packumentCache full:https://registry.npmjs.org/internmap cache-miss
277 silly fetch manifest d3-dispatch@1 - 3
278 silly packumentCache full:https://registry.npmjs.org/d3-dispatch cache-miss
279 silly fetch manifest d3-drag@2 - 3
280 silly packumentCache full:https://registry.npmjs.org/d3-drag cache-miss
281 silly fetch manifest d3-interpolate@1 - 3
282 silly packumentCache full:https://registry.npmjs.org/d3-interpolate cache-miss
283 silly fetch manifest d3-path@1 - 3
284 silly packumentCache full:https://registry.npmjs.org/d3-path cache-miss
285 silly fetch manifest delaunator@5
286 silly packumentCache full:https://registry.npmjs.org/delaunator cache-miss
287 silly fetch manifest commander@7
288 silly packumentCache full:https://registry.npmjs.org/commander cache-miss
289 silly fetch manifest iconv-lite@0.6
290 silly packumentCache full:https://registry.npmjs.org/iconv-lite cache-miss
291 silly fetch manifest rw@1
292 silly packumentCache full:https://registry.npmjs.org/rw cache-miss
293 silly fetch manifest d3-quadtree@1 - 3
294 silly packumentCache full:https://registry.npmjs.org/d3-quadtree cache-miss
295 silly fetch manifest d3-timer@1 - 3
296 silly packumentCache full:https://registry.npmjs.org/d3-timer cache-miss
297 http cache https://registry.npmjs.org/d3-path 108ms (cache hit)
298 silly packumentCache full:https://registry.npmjs.org/d3-path set size:77883 disposed:false
299 silly fetch manifest d3-time@2.1.1 - 3
300 silly packumentCache full:https://registry.npmjs.org/d3-time cache-miss
301 http cache https://registry.npmjs.org/d3-dispatch 114ms (cache hit)
302 silly packumentCache full:https://registry.npmjs.org/d3-dispatch set size:82955 disposed:false
303 silly fetch manifest d3-time-format@2 - 4
304 silly packumentCache full:https://registry.npmjs.org/d3-time-format cache-miss
305 http cache https://registry.npmjs.org/d3-drag 120ms (cache hit)
306 silly packumentCache full:https://registry.npmjs.org/d3-drag set size:116130 disposed:false
307 http cache https://registry.npmjs.org/d3-interpolate 124ms (cache hit)
308 silly packumentCache full:https://registry.npmjs.org/d3-interpolate set size:162337 disposed:false
309 http cache https://registry.npmjs.org/d3-timer 128ms (cache hit)
310 silly packumentCache full:https://registry.npmjs.org/d3-timer set size:101516 disposed:false
311 http cache https://registry.npmjs.org/d3-quadtree 132ms (cache hit)
312 silly packumentCache full:https://registry.npmjs.org/d3-quadtree set size:98011 disposed:false
313 http fetch GET 200 https://registry.npmjs.org/iconv-lite 163ms (cache revalidated)
314 silly packumentCache full:https://registry.npmjs.org/iconv-lite set size:120557 disposed:false
315 http fetch GET 200 https://registry.npmjs.org/commander 177ms (cache miss)
316 silly packumentCache full:https://registry.npmjs.org/commander set size:undefined disposed:false
317 http cache https://registry.npmjs.org/d3-time 78ms (cache hit)
318 silly packumentCache full:https://registry.npmjs.org/d3-time set size:150406 disposed:false
319 http cache https://registry.npmjs.org/d3-time-format 80ms (cache hit)
320 silly packumentCache full:https://registry.npmjs.org/d3-time-format set size:124514 disposed:false
321 http fetch GET 200 https://registry.npmjs.org/delaunator 260ms (cache miss)
322 silly packumentCache full:https://registry.npmjs.org/delaunator set size:undefined disposed:false
323 http fetch GET 200 https://registry.npmjs.org/internmap 267ms (cache miss)
324 silly packumentCache full:https://registry.npmjs.org/internmap set size:undefined disposed:false
325 http fetch GET 200 https://registry.npmjs.org/rw 262ms (cache miss)
326 silly packumentCache full:https://registry.npmjs.org/rw set size:undefined disposed:false
327 silly placeDep ROOT internmap@2.0.3 OK for: d3-array@3.2.4 want: 1 - 2
328 silly placeDep ROOT delaunator@5.1.0 OK for: d3-delaunay@6.0.4 want: 5
329 silly fetch manifest robust-predicates@^3.0.2
330 silly packumentCache full:https://registry.npmjs.org/robust-predicates cache-miss
331 http fetch GET 200 https://registry.npmjs.org/robust-predicates 246ms (cache miss)
332 silly packumentCache full:https://registry.npmjs.org/robust-predicates set size:undefined disposed:false
333 silly placeDep ROOT commander@7.2.0 OK for: d3-dsv@3.0.1 want: 7
334 silly placeDep node_modules/d3-dsv iconv-lite@0.6.3 OK for: d3-dsv@3.0.1 want: 0.6
335 silly placeDep ROOT rw@1.3.3 OK for: d3-dsv@3.0.1 want: 1
336 silly placeDep ROOT robust-predicates@3.0.3 OK for: delaunator@5.1.0 want: ^3.0.2
337 silly placeDep ROOT tslib@2.3.0 OK for: echarts@6.1.0 want: 2.3.0
338 silly placeDep ROOT zrender@6.1.0 OK for: echarts@6.1.0 want: 6.1.0
339 silly placeDep ROOT esprima@4.0.1 OK for: escodegen@2.1.0 want: ^4.0.1
340 silly placeDep ROOT estraverse@5.3.0 OK for: escodegen@2.1.0 want: ^5.2.0
341 silly placeDep ROOT esutils@2.0.3 OK for: escodegen@2.1.0 want: ^2.0.2
342 silly placeDep ROOT source-map@0.6.1 OK for: escodegen@2.1.0 want: ~0.6.1
343 silly fetch manifest vue@3.5.38
344 silly packumentCache full:https://registry.npmjs.org/vue cache-miss
345 http cache https://registry.npmjs.org/vue 103ms (cache hit)
346 silly packumentCache full:https://registry.npmjs.org/vue set size:2061254 disposed:false
347 silly placeDep ROOT @vue/compiler-dom@3.5.38 OK for: vue@3.5.38 want: 3.5.38
348 silly placeDep ROOT @vue/compiler-sfc@3.5.38 OK for: vue@3.5.38 want: 3.5.38
349 silly placeDep ROOT @vue/runtime-dom@3.5.38 OK for: vue@3.5.38 want: 3.5.38
350 silly placeDep ROOT @vue/server-renderer@3.5.38 OK for: vue@3.5.38 want: 3.5.38
351 silly placeDep ROOT @vue/shared@3.5.38 OK for: vue@3.5.38 want: 3.5.38
352 silly fetch manifest @vue/compiler-core@3.5.38
353 silly packumentCache full:https://registry.npmjs.org/@vue%2fcompiler-core cache-miss
354 silly fetch manifest postcss@^8.5.15
355 silly packumentCache full:https://registry.npmjs.org/postcss cache-miss
356 silly fetch manifest magic-string@^0.30.21
357 silly packumentCache full:https://registry.npmjs.org/magic-string cache-miss
358 silly fetch manifest @babel/parser@^7.29.7
359 silly packumentCache full:https://registry.npmjs.org/@babel%2fparser cache-miss
360 silly fetch manifest estree-walker@^2.0.2
361 silly packumentCache full:https://registry.npmjs.org/estree-walker cache-miss
362 silly fetch manifest source-map-js@^1.2.1
363 silly packumentCache full:https://registry.npmjs.org/source-map-js cache-miss
364 silly fetch manifest @vue/compiler-ssr@3.5.38
365 silly packumentCache full:https://registry.npmjs.org/@vue%2fcompiler-ssr cache-miss
366 silly fetch manifest @vue/compiler-core@3.5.38
367 silly packumentCache full:https://registry.npmjs.org/@vue%2fcompiler-core cache-miss
368 silly fetch manifest csstype@^3.2.3
369 silly packumentCache full:https://registry.npmjs.org/csstype cache-miss
370 silly fetch manifest @vue/reactivity@3.5.38
371 silly packumentCache full:https://registry.npmjs.org/@vue%2freactivity cache-miss
372 silly fetch manifest @vue/runtime-core@3.5.38
373 silly packumentCache full:https://registry.npmjs.org/@vue%2fruntime-core cache-miss
374 http fetch GET 200 https://registry.npmjs.org/source-map-js 89ms (cache miss)
375 silly packumentCache full:https://registry.npmjs.org/source-map-js set size:undefined disposed:false
376 silly fetch manifest @vue/compiler-ssr@3.5.38
377 silly packumentCache full:https://registry.npmjs.org/@vue%2fcompiler-ssr cache-miss
378 http fetch GET 200 https://registry.npmjs.org/magic-string 94ms (cache miss)
379 silly packumentCache full:https://registry.npmjs.org/magic-string set size:undefined disposed:false
380 http fetch GET 200 https://registry.npmjs.org/csstype 98ms (cache miss)
381 silly packumentCache full:https://registry.npmjs.org/csstype set size:undefined disposed:false
382 http fetch GET 200 https://registry.npmjs.org/postcss 116ms (cache miss)
383 silly packumentCache full:https://registry.npmjs.org/postcss set size:undefined disposed:false
384 http fetch GET 200 https://registry.npmjs.org/estree-walker 248ms (cache miss)
385 silly packumentCache full:https://registry.npmjs.org/estree-walker set size:undefined disposed:false
386 http fetch GET 200 https://registry.npmjs.org/@babel%2fparser 280ms (cache miss)
387 silly packumentCache full:https://registry.npmjs.org/@babel%2fparser set size:undefined disposed:false
388 http fetch GET 200 https://registry.npmjs.org/@vue%2fcompiler-ssr 643ms (cache miss)
389 silly packumentCache full:https://registry.npmjs.org/@vue%2fcompiler-ssr set size:undefined disposed:false
390 http fetch GET 200 https://registry.npmjs.org/@vue%2fcompiler-core 653ms (cache miss)
391 silly packumentCache full:https://registry.npmjs.org/@vue%2fcompiler-core set size:undefined disposed:false
392 http fetch GET 200 https://registry.npmjs.org/@vue%2freactivity 653ms (cache miss)
393 silly packumentCache full:https://registry.npmjs.org/@vue%2freactivity set size:undefined disposed:false
394 http fetch GET 200 https://registry.npmjs.org/@vue%2fruntime-core 658ms (cache miss)
395 silly packumentCache full:https://registry.npmjs.org/@vue%2fruntime-core set size:undefined disposed:false
396 http fetch GET 200 https://registry.npmjs.org/@vue%2fcompiler-ssr 577ms (cache miss)
397 silly packumentCache full:https://registry.npmjs.org/@vue%2fcompiler-ssr set size:undefined disposed:false
398 http fetch GET 200 https://registry.npmjs.org/@vue%2fcompiler-core 673ms (cache miss)
399 silly packumentCache full:https://registry.npmjs.org/@vue%2fcompiler-core set size:undefined disposed:false
400 silly placeDep ROOT @vue/compiler-core@3.5.38 OK for: @vue/compiler-dom@3.5.38 want: 3.5.38
401 silly fetch manifest entities@^7.0.1
402 silly packumentCache full:https://registry.npmjs.org/entities cache-miss
403 http fetch GET 200 https://registry.npmjs.org/entities 247ms (cache miss)
404 silly packumentCache full:https://registry.npmjs.org/entities set size:undefined disposed:false
405 silly placeDep ROOT @babel/parser@7.29.7 OK for: @vue/compiler-core@3.5.38 want: ^7.29.7
406 silly placeDep ROOT entities@7.0.1 OK for: @vue/compiler-core@3.5.38 want: ^7.0.1
407 silly placeDep ROOT estree-walker@2.0.2 OK for: @vue/compiler-core@3.5.38 want: ^2.0.2
408 silly placeDep ROOT source-map-js@1.2.1 OK for: @vue/compiler-core@3.5.38 want: ^1.2.1
409 silly fetch manifest @babel/types@^7.29.7
410 silly packumentCache full:https://registry.npmjs.org/@babel%2ftypes cache-miss
411 http fetch GET 200 https://registry.npmjs.org/@babel%2ftypes 96ms (cache miss)
412 silly packumentCache full:https://registry.npmjs.org/@babel%2ftypes set size:undefined disposed:false
413 silly placeDep ROOT @babel/types@7.29.7 OK for: @babel/parser@7.29.7 want: ^7.29.7
414 silly fetch manifest @babel/helper-string-parser@^7.29.7
415 silly packumentCache full:https://registry.npmjs.org/@babel%2fhelper-string-parser cache-miss
416 silly fetch manifest @babel/helper-validator-identifier@^7.29.7
417 silly packumentCache full:https://registry.npmjs.org/@babel%2fhelper-validator-identifier cache-miss
418 http fetch GET 200 https://registry.npmjs.org/@babel%2fhelper-validator-identifier 81ms (cache miss)
419 silly packumentCache full:https://registry.npmjs.org/@babel%2fhelper-validator-identifier set size:undefined disposed:false
420 http fetch GET 200 https://registry.npmjs.org/@babel%2fhelper-string-parser 240ms (cache miss)
421 silly packumentCache full:https://registry.npmjs.org/@babel%2fhelper-string-parser set size:undefined disposed:false
422 silly placeDep ROOT @babel/helper-string-parser@7.29.7 OK for: @babel/types@7.29.7 want: ^7.29.7
423 silly placeDep ROOT @babel/helper-validator-identifier@7.29.7 OK for: @babel/types@7.29.7 want: ^7.29.7
424 silly placeDep ROOT @vue/compiler-ssr@3.5.38 OK for: @vue/compiler-sfc@3.5.38 want: 3.5.38
425 silly placeDep ROOT magic-string@0.30.21 OK for: @vue/compiler-sfc@3.5.38 want: ^0.30.21
426 silly placeDep ROOT postcss@8.5.15 OK for: @vue/compiler-sfc@3.5.38 want: ^8.5.15
427 silly fetch manifest @jridgewell/sourcemap-codec@^1.5.5
428 silly packumentCache full:https://registry.npmjs.org/@jridgewell%2fsourcemap-codec cache-miss
429 silly fetch manifest nanoid@^3.3.12
430 silly packumentCache full:https://registry.npmjs.org/nanoid cache-miss
431 silly fetch manifest picocolors@^1.1.1
432 silly packumentCache full:https://registry.npmjs.org/picocolors cache-miss
433 http fetch GET 200 https://registry.npmjs.org/picocolors 62ms (cache miss)
434 silly packumentCache full:https://registry.npmjs.org/picocolors set size:undefined disposed:false
435 http fetch GET 200 https://registry.npmjs.org/nanoid 65ms (cache miss)
436 silly packumentCache full:https://registry.npmjs.org/nanoid set size:undefined disposed:false
437 http fetch GET 200 https://registry.npmjs.org/@jridgewell%2fsourcemap-codec 202ms (cache miss)
438 silly packumentCache full:https://registry.npmjs.org/@jridgewell%2fsourcemap-codec set size:undefined disposed:false
439 silly placeDep ROOT @vue/reactivity@3.5.38 OK for: @vue/runtime-dom@3.5.38 want: 3.5.38
440 silly placeDep ROOT @vue/runtime-core@3.5.38 OK for: @vue/runtime-dom@3.5.38 want: 3.5.38
441 silly placeDep ROOT csstype@3.2.3 OK for: @vue/runtime-dom@3.5.38 want: ^3.2.3
442 silly placeDep ROOT @jridgewell/sourcemap-codec@1.5.5 OK for: magic-string@0.30.21 want: ^1.5.5
443 silly placeDep ROOT nanoid@3.3.12 OK for: postcss@8.5.15 want: ^3.3.12
444 silly placeDep ROOT picocolors@1.1.1 OK for: postcss@8.5.15 want: ^1.1.1
445 silly placeDep node_modules/axios agent-base@6.0.2 OK for: https-proxy-agent@5.0.1 want: 6
446 silly placeDep node_modules/axios debug@4.4.3 OK for: https-proxy-agent@5.0.1 want: 4
447 silly fetch manifest ms@^2.1.3
448 silly packumentCache full:https://registry.npmjs.org/ms cache-miss
449 http fetch GET 200 https://registry.npmjs.org/ms 78ms (cache revalidated)
450 silly packumentCache full:https://registry.npmjs.org/ms set size:92208 disposed:false
451 silly placeDep node_modules/axios ms@2.1.3 OK for: debug@4.4.3 want: ^2.1.3
452 silly reify moves {}
453 http cache picocolors@https://registry.npmjs.org/picocolors/-/picocolors-1.1.1.tgz 0ms (cache hit)
454 http cache nanoid@https://registry.npmjs.org/nanoid/-/nanoid-3.3.12.tgz 1ms (cache hit)
455 http cache csstype@https://registry.npmjs.org/csstype/-/csstype-3.2.3.tgz 0ms (cache hit)
456 http cache @vue/runtime-core@https://registry.npmjs.org/@vue/runtime-core/-/runtime-core-3.5.38.tgz 0ms (cache hit)
457 http cache @jridgewell/sourcemap-codec@https://registry.npmjs.org/@jridgewell/sourcemap-codec/-/sourcemap-codec-1.5.5.tgz 0ms (cache hit)
458 http cache @vue/reactivity@https://registry.npmjs.org/@vue/reactivity/-/reactivity-3.5.38.tgz 0ms (cache hit)
459 http cache postcss@https://registry.npmjs.org/postcss/-/postcss-8.5.15.tgz 0ms (cache hit)
460 http cache @vue/compiler-ssr@https://registry.npmjs.org/@vue/compiler-ssr/-/compiler-ssr-3.5.38.tgz 0ms (cache hit)
461 http cache magic-string@https://registry.npmjs.org/magic-string/-/magic-string-0.30.21.tgz 0ms (cache hit)
462 http cache @babel/types@https://registry.npmjs.org/@babel/types/-/types-7.29.7.tgz 0ms (cache hit)
463 http cache @babel/helper-string-parser@https://registry.npmjs.org/@babel/helper-string-parser/-/helper-string-parser-7.29.7.tgz 0ms (cache hit)
464 http cache source-map-js@https://registry.npmjs.org/source-map-js/-/source-map-js-1.2.1.tgz 0ms (cache hit)
465 http cache entities@https://registry.npmjs.org/entities/-/entities-7.0.1.tgz 0ms (cache hit)
466 http cache @babel/helper-validator-identifier@https://registry.npmjs.org/@babel/helper-validator-identifier/-/helper-validator-identifier-7.29.7.tgz 0ms (cache hit)
467 http cache estree-walker@https://registry.npmjs.org/estree-walker/-/estree-walker-2.0.2.tgz 0ms (cache hit)
468 http cache source-map@https://registry.npmjs.org/source-map/-/source-map-0.6.1.tgz 0ms (cache hit)
469 http cache @vue/server-renderer@https://registry.npmjs.org/@vue/server-renderer/-/server-renderer-3.5.38.tgz 0ms (cache hit)
470 http cache @vue/shared@https://registry.npmjs.org/@vue/shared/-/shared-3.5.38.tgz 0ms (cache hit)
471 http cache @babel/parser@https://registry.npmjs.org/@babel/parser/-/parser-7.29.7.tgz 0ms (cache hit)
472 http cache @vue/runtime-dom@https://registry.npmjs.org/@vue/runtime-dom/-/runtime-dom-3.5.38.tgz 0ms (cache hit)
473 http cache @vue/compiler-core@https://registry.npmjs.org/@vue/compiler-core/-/compiler-core-3.5.38.tgz 0ms (cache hit)
474 http cache esutils@https://registry.npmjs.org/esutils/-/esutils-2.0.3.tgz 0ms (cache hit)
475 http cache @vue/compiler-sfc@https://registry.npmjs.org/@vue/compiler-sfc/-/compiler-sfc-3.5.38.tgz 0ms (cache hit)
476 http cache estraverse@https://registry.npmjs.org/estraverse/-/estraverse-5.3.0.tgz 0ms (cache hit)
477 http cache zrender@https://registry.npmjs.org/zrender/-/zrender-6.1.0.tgz 0ms (cache hit)
478 http cache esprima@https://registry.npmjs.org/esprima/-/esprima-4.0.1.tgz 0ms (cache hit)
479 http cache @vue/compiler-dom@https://registry.npmjs.org/@vue/compiler-dom/-/compiler-dom-3.5.38.tgz 0ms (cache hit)
480 http cache robust-predicates@https://registry.npmjs.org/robust-predicates/-/robust-predicates-3.0.3.tgz 1ms (cache hit)
481 http cache tslib@https://registry.npmjs.org/tslib/-/tslib-2.3.0.tgz 0ms (cache hit)
482 http cache rw@https://registry.npmjs.org/rw/-/rw-1.3.3.tgz 0ms (cache hit)
483 http cache commander@https://registry.npmjs.org/commander/-/commander-7.2.0.tgz 0ms (cache hit)
484 http cache internmap@https://registry.npmjs.org/internmap/-/internmap-2.0.3.tgz 1ms (cache hit)
485 http cache delaunator@https://registry.npmjs.org/delaunator/-/delaunator-5.1.0.tgz 0ms (cache hit)
486 http cache d3-zoom@https://registry.npmjs.org/d3-zoom/-/d3-zoom-3.0.0.tgz 0ms (cache hit)
487 http cache d3-transition@https://registry.npmjs.org/d3-transition/-/d3-transition-3.0.1.tgz 0ms (cache hit)
488 http cache d3-timer@https://registry.npmjs.org/d3-timer/-/d3-timer-3.0.1.tgz 0ms (cache hit)
489 http cache d3-time-format@https://registry.npmjs.org/d3-time-format/-/d3-time-format-4.1.0.tgz 0ms (cache hit)
490 http cache d3-time@https://registry.npmjs.org/d3-time/-/d3-time-3.1.0.tgz 0ms (cache hit)
491 http cache d3-shape@https://registry.npmjs.org/d3-shape/-/d3-shape-3.2.0.tgz 0ms (cache hit)
492 http cache d3-selection@https://registry.npmjs.org/d3-selection/-/d3-selection-3.0.0.tgz 0ms (cache hit)
493 http cache d3-scale-chromatic@https://registry.npmjs.org/d3-scale-chromatic/-/d3-scale-chromatic-3.1.0.tgz 0ms (cache hit)
494 http cache d3-scale@https://registry.npmjs.org/d3-scale/-/d3-scale-4.0.2.tgz 0ms (cache hit)
495 http cache d3-random@https://registry.npmjs.org/d3-random/-/d3-random-3.0.1.tgz 0ms (cache hit)
496 http cache d3-quadtree@https://registry.npmjs.org/d3-quadtree/-/d3-quadtree-3.0.1.tgz 0ms (cache hit)
497 http cache d3-polygon@https://registry.npmjs.org/d3-polygon/-/d3-polygon-3.0.1.tgz 0ms (cache hit)
498 http cache d3-interpolate@https://registry.npmjs.org/d3-interpolate/-/d3-interpolate-3.0.1.tgz 0ms (cache hit)
499 http cache d3-path@https://registry.npmjs.org/d3-path/-/d3-path-3.1.0.tgz 0ms (cache hit)
500 http cache d3-hierarchy@https://registry.npmjs.org/d3-hierarchy/-/d3-hierarchy-3.1.2.tgz 0ms (cache hit)
501 http cache d3-geo@https://registry.npmjs.org/d3-geo/-/d3-geo-3.1.1.tgz 0ms (cache hit)
502 http cache d3-format@https://registry.npmjs.org/d3-format/-/d3-format-3.1.2.tgz 0ms (cache hit)
503 http cache d3-force@https://registry.npmjs.org/d3-force/-/d3-force-3.0.0.tgz 0ms (cache hit)
504 http cache d3-ease@https://registry.npmjs.org/d3-ease/-/d3-ease-3.0.1.tgz 0ms (cache hit)
505 http cache d3-fetch@https://registry.npmjs.org/d3-fetch/-/d3-fetch-3.0.1.tgz 0ms (cache hit)
506 http cache d3-drag@https://registry.npmjs.org/d3-drag/-/d3-drag-3.0.0.tgz 0ms (cache hit)
507 http cache d3-dsv@https://registry.npmjs.org/d3-dsv/-/d3-dsv-3.0.1.tgz 0ms (cache hit)
508 http cache d3-dispatch@https://registry.npmjs.org/d3-dispatch/-/d3-dispatch-3.0.1.tgz 0ms (cache hit)
509 http cache d3-delaunay@https://registry.npmjs.org/d3-delaunay/-/d3-delaunay-6.0.4.tgz 0ms (cache hit)
510 http cache d3-chord@https://registry.npmjs.org/d3-chord/-/d3-chord-3.0.1.tgz 0ms (cache hit)
511 http cache d3-color@https://registry.npmjs.org/d3-color/-/d3-color-3.1.0.tgz 0ms (cache hit)
512 http cache d3-contour@https://registry.npmjs.org/d3-contour/-/d3-contour-4.0.2.tgz 0ms (cache hit)
513 http cache d3-brush@https://registry.npmjs.org/d3-brush/-/d3-brush-3.0.0.tgz 0ms (cache hit)
514 http cache d3-axis@https://registry.npmjs.org/d3-axis/-/d3-axis-3.0.0.tgz 0ms (cache hit)
515 http cache d3-array@https://registry.npmjs.org/d3-array/-/d3-array-3.2.4.tgz 0ms (cache hit)
516 http cache proxy-from-env@https://registry.npmjs.org/proxy-from-env/-/proxy-from-env-2.1.0.tgz 0ms (cache hit)
517 http cache follow-redirects@https://registry.npmjs.org/follow-redirects/-/follow-redirects-1.16.0.tgz 0ms (cache hit)
518 http cache vue@https://registry.npmjs.org/vue/-/vue-3.5.38.tgz 0ms (cache hit)
519 http cache lodash.merge@https://registry.npmjs.org/lodash.merge/-/lodash.merge-4.6.2.tgz 0ms (cache hit)
520 http cache escodegen@https://registry.npmjs.org/escodegen/-/escodegen-2.1.0.tgz 0ms (cache hit)
521 http cache echarts@https://registry.npmjs.org/echarts/-/echarts-6.1.0.tgz 0ms (cache hit)
522 http cache axios@https://registry.npmjs.org/axios/-/axios-1.18.0.tgz 0ms (cache hit)
523 http cache d3@https://registry.npmjs.org/d3/-/d3-7.9.0.tgz 0ms (cache hit)
524 http cache acorn@https://registry.npmjs.org/acorn/-/acorn-8.17.0.tgz 0ms (cache hit)
525 http cache @flowfuse/node-red-dashboard@https://registry.npmjs.org/@flowfuse/node-red-dashboard/-/node-red-dashboard-1.30.2.tgz 0ms (cache hit)
526 http cache ms@https://registry.npmjs.org/ms/-/ms-2.1.3.tgz 0ms (cache hit)
527 http cache debug@https://registry.npmjs.org/debug/-/debug-4.4.3.tgz 0ms (cache hit)
528 silly tarball no local data for picocolors@https://registry.npmjs.org/picocolors/-/picocolors-1.1.1.tgz. Extracting by manifest.
529 silly tarball no local data for nanoid@https://registry.npmjs.org/nanoid/-/nanoid-3.3.12.tgz. Extracting by manifest.
530 http cache agent-base@https://registry.npmjs.org/agent-base/-/agent-base-6.0.2.tgz 0ms (cache hit)
531 silly tarball no local data for csstype@https://registry.npmjs.org/csstype/-/csstype-3.2.3.tgz. Extracting by manifest.
532 silly tarball no local data for @vue/runtime-core@https://registry.npmjs.org/@vue/runtime-core/-/runtime-core-3.5.38.tgz. Extracting by manifest.
533 http cache https-proxy-agent@https://registry.npmjs.org/https-proxy-agent/-/https-proxy-agent-5.0.1.tgz 0ms (cache hit)
534 silly tarball no local data for @jridgewell/sourcemap-codec@https://registry.npmjs.org/@jridgewell/sourcemap-codec/-/sourcemap-codec-1.5.5.tgz. Extracting by manifest.
535 silly tarball no local data for @vue/reactivity@https://registry.npmjs.org/@vue/reactivity/-/reactivity-3.5.38.tgz. Extracting by manifest.
536 silly tarball no local data for postcss@https://registry.npmjs.org/postcss/-/postcss-8.5.15.tgz. Extracting by manifest.
537 silly tarball no local data for @vue/compiler-ssr@https://registry.npmjs.org/@vue/compiler-ssr/-/compiler-ssr-3.5.38.tgz. Extracting by manifest.
538 silly tarball no local data for @babel/types@https://registry.npmjs.org/@babel/types/-/types-7.29.7.tgz. Extracting by manifest.
539 silly tarball no local data for magic-string@https://registry.npmjs.org/magic-string/-/magic-string-0.30.21.tgz. Extracting by manifest.
540 silly tarball no local data for @babel/helper-string-parser@https://registry.npmjs.org/@babel/helper-string-parser/-/helper-string-parser-7.29.7.tgz. Extracting by manifest.
541 silly tarball no local data for source-map-js@https://registry.npmjs.org/source-map-js/-/source-map-js-1.2.1.tgz. Extracting by manifest.
542 silly tarball no local data for @babel/helper-validator-identifier@https://registry.npmjs.org/@babel/helper-validator-identifier/-/helper-validator-identifier-7.29.7.tgz. Extracting by manifest.
543 silly tarball no local data for entities@https://registry.npmjs.org/entities/-/entities-7.0.1.tgz. Extracting by manifest.
544 http cache iconv-lite@https://registry.npmjs.org/iconv-lite/-/iconv-lite-0.6.3.tgz 0ms (cache hit)
545 silly tarball no local data for estree-walker@https://registry.npmjs.org/estree-walker/-/estree-walker-2.0.2.tgz. Extracting by manifest.
546 silly tarball no local data for source-map@https://registry.npmjs.org/source-map/-/source-map-0.6.1.tgz. Extracting by manifest.
547 silly tarball no local data for @vue/server-renderer@https://registry.npmjs.org/@vue/server-renderer/-/server-renderer-3.5.38.tgz. Extracting by manifest.
548 silly tarball no local data for @vue/shared@https://registry.npmjs.org/@vue/shared/-/shared-3.5.38.tgz. Extracting by manifest.
549 silly tarball no local data for @babel/parser@https://registry.npmjs.org/@babel/parser/-/parser-7.29.7.tgz. Extracting by manifest.
550 silly tarball no local data for @vue/runtime-dom@https://registry.npmjs.org/@vue/runtime-dom/-/runtime-dom-3.5.38.tgz. Extracting by manifest.
551 silly tarball no local data for @vue/compiler-core@https://registry.npmjs.org/@vue/compiler-core/-/compiler-core-3.5.38.tgz. Extracting by manifest.
552 silly tarball no local data for esutils@https://registry.npmjs.org/esutils/-/esutils-2.0.3.tgz. Extracting by manifest.
553 silly tarball no local data for estraverse@https://registry.npmjs.org/estraverse/-/estraverse-5.3.0.tgz. Extracting by manifest.
554 silly tarball no local data for @vue/compiler-sfc@https://registry.npmjs.org/@vue/compiler-sfc/-/compiler-sfc-3.5.38.tgz. Extracting by manifest.
555 silly tarball no local data for zrender@https://registry.npmjs.org/zrender/-/zrender-6.1.0.tgz. Extracting by manifest.
556 silly tarball no local data for esprima@https://registry.npmjs.org/esprima/-/esprima-4.0.1.tgz. Extracting by manifest.
557 silly tarball no local data for @vue/compiler-dom@https://registry.npmjs.org/@vue/compiler-dom/-/compiler-dom-3.5.38.tgz. Extracting by manifest.
558 silly tarball no local data for robust-predicates@https://registry.npmjs.org/robust-predicates/-/robust-predicates-3.0.3.tgz. Extracting by manifest.
559 silly tarball no local data for internmap@https://registry.npmjs.org/internmap/-/internmap-2.0.3.tgz. Extracting by manifest.
560 silly tarball no local data for rw@https://registry.npmjs.org/rw/-/rw-1.3.3.tgz. Extracting by manifest.
561 silly tarball no local data for commander@https://registry.npmjs.org/commander/-/commander-7.2.0.tgz. Extracting by manifest.
562 silly tarball no local data for d3-zoom@https://registry.npmjs.org/d3-zoom/-/d3-zoom-3.0.0.tgz. Extracting by manifest.
563 silly tarball no local data for tslib@https://registry.npmjs.org/tslib/-/tslib-2.3.0.tgz. Extracting by manifest.
564 silly tarball no local data for delaunator@https://registry.npmjs.org/delaunator/-/delaunator-5.1.0.tgz. Extracting by manifest.
565 silly tarball no local data for d3-transition@https://registry.npmjs.org/d3-transition/-/d3-transition-3.0.1.tgz. Extracting by manifest.
566 silly tarball no local data for d3-timer@https://registry.npmjs.org/d3-timer/-/d3-timer-3.0.1.tgz. Extracting by manifest.
567 silly tarball no local data for d3-shape@https://registry.npmjs.org/d3-shape/-/d3-shape-3.2.0.tgz. Extracting by manifest.
568 silly tarball no local data for d3-time-format@https://registry.npmjs.org/d3-time-format/-/d3-time-format-4.1.0.tgz. Extracting by manifest.
569 silly tarball no local data for d3-time@https://registry.npmjs.org/d3-time/-/d3-time-3.1.0.tgz. Extracting by manifest.
570 silly tarball no local data for d3-selection@https://registry.npmjs.org/d3-selection/-/d3-selection-3.0.0.tgz. Extracting by manifest.
571 silly tarball no local data for d3-scale-chromatic@https://registry.npmjs.org/d3-scale-chromatic/-/d3-scale-chromatic-3.1.0.tgz. Extracting by manifest.
572 silly tarball no local data for d3-quadtree@https://registry.npmjs.org/d3-quadtree/-/d3-quadtree-3.0.1.tgz. Extracting by manifest.
573 silly tarball no local data for d3-scale@https://registry.npmjs.org/d3-scale/-/d3-scale-4.0.2.tgz. Extracting by manifest.
574 silly tarball no local data for d3-random@https://registry.npmjs.org/d3-random/-/d3-random-3.0.1.tgz. Extracting by manifest.
575 silly tarball no local data for d3-polygon@https://registry.npmjs.org/d3-polygon/-/d3-polygon-3.0.1.tgz. Extracting by manifest.
576 silly tarball no local data for d3-interpolate@https://registry.npmjs.org/d3-interpolate/-/d3-interpolate-3.0.1.tgz. Extracting by manifest.
577 silly tarball no local data for d3-geo@https://registry.npmjs.org/d3-geo/-/d3-geo-3.1.1.tgz. Extracting by manifest.
578 silly tarball no local data for d3-path@https://registry.npmjs.org/d3-path/-/d3-path-3.1.0.tgz. Extracting by manifest.
579 silly tarball no local data for d3-hierarchy@https://registry.npmjs.org/d3-hierarchy/-/d3-hierarchy-3.1.2.tgz. Extracting by manifest.
580 silly tarball no local data for d3-format@https://registry.npmjs.org/d3-format/-/d3-format-3.1.2.tgz. Extracting by manifest.
581 silly tarball no local data for d3-force@https://registry.npmjs.org/d3-force/-/d3-force-3.0.0.tgz. Extracting by manifest.
582 silly tarball no local data for d3-ease@https://registry.npmjs.org/d3-ease/-/d3-ease-3.0.1.tgz. Extracting by manifest.
583 silly tarball no local data for d3-drag@https://registry.npmjs.org/d3-drag/-/d3-drag-3.0.0.tgz. Extracting by manifest.
584 silly tarball no local data for d3-fetch@https://registry.npmjs.org/d3-fetch/-/d3-fetch-3.0.1.tgz. Extracting by manifest.
585 silly tarball no local data for d3-dispatch@https://registry.npmjs.org/d3-dispatch/-/d3-dispatch-3.0.1.tgz. Extracting by manifest.
586 silly tarball no local data for d3-delaunay@https://registry.npmjs.org/d3-delaunay/-/d3-delaunay-6.0.4.tgz. Extracting by manifest.
587 silly tarball no local data for d3-dsv@https://registry.npmjs.org/d3-dsv/-/d3-dsv-3.0.1.tgz. Extracting by manifest.
588 silly tarball no local data for d3-color@https://registry.npmjs.org/d3-color/-/d3-color-3.1.0.tgz. Extracting by manifest.
589 silly tarball no local data for d3-chord@https://registry.npmjs.org/d3-chord/-/d3-chord-3.0.1.tgz. Extracting by manifest.
590 silly tarball no local data for d3-contour@https://registry.npmjs.org/d3-contour/-/d3-contour-4.0.2.tgz. Extracting by manifest.
591 silly tarball no local data for d3-brush@https://registry.npmjs.org/d3-brush/-/d3-brush-3.0.0.tgz. Extracting by manifest.
592 silly tarball no local data for d3-axis@https://registry.npmjs.org/d3-axis/-/d3-axis-3.0.0.tgz. Extracting by manifest.
593 silly tarball no local data for d3-array@https://registry.npmjs.org/d3-array/-/d3-array-3.2.4.tgz. Extracting by manifest.
594 silly tarball no local data for proxy-from-env@https://registry.npmjs.org/proxy-from-env/-/proxy-from-env-2.1.0.tgz. Extracting by manifest.
595 silly tarball no local data for follow-redirects@https://registry.npmjs.org/follow-redirects/-/follow-redirects-1.16.0.tgz. Extracting by manifest.
596 silly tarball no local data for vue@https://registry.npmjs.org/vue/-/vue-3.5.38.tgz. Extracting by manifest.
597 silly tarball no local data for lodash.merge@https://registry.npmjs.org/lodash.merge/-/lodash.merge-4.6.2.tgz. Extracting by manifest.
598 silly tarball no local data for escodegen@https://registry.npmjs.org/escodegen/-/escodegen-2.1.0.tgz. Extracting by manifest.
599 silly tarball no local data for echarts@https://registry.npmjs.org/echarts/-/echarts-6.1.0.tgz. Extracting by manifest.
600 silly tarball no local data for axios@https://registry.npmjs.org/axios/-/axios-1.18.0.tgz. Extracting by manifest.
601 silly tarball no local data for d3@https://registry.npmjs.org/d3/-/d3-7.9.0.tgz. Extracting by manifest.
602 silly tarball no local data for acorn@https://registry.npmjs.org/acorn/-/acorn-8.17.0.tgz. Extracting by manifest.
603 silly tarball no local data for @flowfuse/node-red-dashboard@https://registry.npmjs.org/@flowfuse/node-red-dashboard/-/node-red-dashboard-1.30.2.tgz. Extracting by manifest.
604 silly tarball no local data for iconv-lite@https://registry.npmjs.org/iconv-lite/-/iconv-lite-0.6.3.tgz. Extracting by manifest.
605 http fetch GET 200 https://registry.npmjs.org/picocolors/-/picocolors-1.1.1.tgz 830ms (cache miss)
606 http fetch GET 200 https://registry.npmjs.org/nanoid/-/nanoid-3.3.12.tgz 893ms (cache miss)
607 http fetch GET 200 https://registry.npmjs.org/@babel/helper-string-parser/-/helper-string-parser-7.29.7.tgz 1135ms (cache miss)
608 http fetch GET 200 https://registry.npmjs.org/estraverse/-/estraverse-5.3.0.tgz 2085ms (cache miss)
609 http fetch GET 200 https://registry.npmjs.org/esutils/-/esutils-2.0.3.tgz 2284ms (cache miss)
610 http fetch GET 200 https://registry.npmjs.org/@vue/compiler-ssr/-/compiler-ssr-3.5.38.tgz 2369ms (cache miss)
611 http fetch GET 200 https://registry.npmjs.org/tslib/-/tslib-2.3.0.tgz 2512ms (cache miss)
612 http fetch GET 200 https://registry.npmjs.org/d3-ease/-/d3-ease-3.0.1.tgz 2606ms (cache miss)
613 http fetch GET 200 https://registry.npmjs.org/d3-path/-/d3-path-3.1.0.tgz 2664ms (cache miss)
614 http fetch GET 200 https://registry.npmjs.org/d3-fetch/-/d3-fetch-3.0.1.tgz 2724ms (cache miss)
615 http fetch GET 200 https://registry.npmjs.org/internmap/-/internmap-2.0.3.tgz 2754ms (cache miss)
616 http fetch GET 200 https://registry.npmjs.org/d3-brush/-/d3-brush-3.0.0.tgz 2735ms (cache miss)
617 http fetch GET 200 https://registry.npmjs.org/follow-redirects/-/follow-redirects-1.16.0.tgz 2733ms (cache miss)
618 http fetch GET 200 https://registry.npmjs.org/d3-quadtree/-/d3-quadtree-3.0.1.tgz 2791ms (cache miss)
619 http fetch GET 200 https://registry.npmjs.org/lodash.merge/-/lodash.merge-4.6.2.tgz 2848ms (cache miss)
620 http fetch GET 200 https://registry.npmjs.org/d3-dispatch/-/d3-dispatch-3.0.1.tgz 2928ms (cache miss)
621 http fetch GET 200 https://registry.npmjs.org/d3-color/-/d3-color-3.1.0.tgz 2939ms (cache miss)
622 http fetch GET 200 https://registry.npmjs.org/proxy-from-env/-/proxy-from-env-2.1.0.tgz 2948ms (cache miss)
623 http fetch GET 200 https://registry.npmjs.org/d3-axis/-/d3-axis-3.0.0.tgz 2956ms (cache miss)
624 http fetch GET 200 https://registry.npmjs.org/delaunator/-/delaunator-5.1.0.tgz 2990ms (cache miss)
625 http fetch GET 200 https://registry.npmjs.org/escodegen/-/escodegen-2.1.0.tgz 3067ms (cache miss)
626 http fetch GET 200 https://registry.npmjs.org/d3-timer/-/d3-timer-3.0.1.tgz 3134ms (cache miss)
627 http fetch GET 200 https://registry.npmjs.org/@vue/shared/-/shared-3.5.38.tgz 3261ms (cache miss)
628 http fetch GET 200 https://registry.npmjs.org/d3-delaunay/-/d3-delaunay-6.0.4.tgz 3734ms (cache miss)
629 http fetch GET 200 https://registry.npmjs.org/d3-polygon/-/d3-polygon-3.0.1.tgz 3772ms (cache miss)
630 http fetch GET 200 https://registry.npmjs.org/d3-zoom/-/d3-zoom-3.0.0.tgz 3812ms (cache miss)
631 http fetch GET 200 https://registry.npmjs.org/@babel/helper-validator-identifier/-/helper-validator-identifier-7.29.7.tgz 3829ms (cache miss)
632 http fetch GET 200 https://registry.npmjs.org/d3-drag/-/d3-drag-3.0.0.tgz 3840ms (cache miss)
633 http fetch GET 200 https://registry.npmjs.org/d3-chord/-/d3-chord-3.0.1.tgz 3877ms (cache miss)
634 http fetch GET 200 https://registry.npmjs.org/d3-dsv/-/d3-dsv-3.0.1.tgz 4096ms (cache miss)
635 http fetch GET 200 https://registry.npmjs.org/commander/-/commander-7.2.0.tgz 4153ms (cache miss)
636 http fetch GET 200 https://registry.npmjs.org/d3-contour/-/d3-contour-4.0.2.tgz 4197ms (cache miss)
637 http fetch GET 200 https://registry.npmjs.org/d3-time/-/d3-time-3.1.0.tgz 4678ms (cache miss)
638 http fetch GET 200 https://registry.npmjs.org/@vue/server-renderer/-/server-renderer-3.5.38.tgz 4831ms (cache miss)
639 http fetch GET 200 https://registry.npmjs.org/magic-string/-/magic-string-0.30.21.tgz 4869ms (cache miss)
640 http fetch GET 200 https://registry.npmjs.org/d3-force/-/d3-force-3.0.0.tgz 4898ms (cache miss)
641 http fetch GET 200 https://registry.npmjs.org/@vue/reactivity/-/reactivity-3.5.38.tgz 4933ms (cache miss)
642 http fetch GET 200 https://registry.npmjs.org/esprima/-/esprima-4.0.1.tgz 5084ms (cache miss)
643 http fetch GET 200 https://registry.npmjs.org/estree-walker/-/estree-walker-2.0.2.tgz 5189ms (cache miss)
644 http fetch GET 200 https://registry.npmjs.org/@vue/compiler-core/-/compiler-core-3.5.38.tgz 5201ms (cache miss)
645 http fetch GET 200 https://registry.npmjs.org/acorn/-/acorn-8.17.0.tgz 5647ms (cache miss)
646 http fetch GET 200 https://registry.npmjs.org/@vue/runtime-core/-/runtime-core-3.5.38.tgz 5700ms (cache miss)
647 http fetch GET 200 https://registry.npmjs.org/d3-random/-/d3-random-3.0.1.tgz 5718ms (cache miss)
648 http fetch GET 200 https://registry.npmjs.org/d3/-/d3-7.9.0.tgz 5830ms (cache miss)
649 http fetch GET 200 https://registry.npmjs.org/robust-predicates/-/robust-predicates-3.0.3.tgz 5881ms (cache miss)
650 http fetch GET 200 https://registry.npmjs.org/csstype/-/csstype-3.2.3.tgz 5909ms (cache miss)
651 http fetch GET 200 https://registry.npmjs.org/rw/-/rw-1.3.3.tgz 6010ms (cache miss)
652 http fetch GET 200 https://registry.npmjs.org/@jridgewell/sourcemap-codec/-/sourcemap-codec-1.5.5.tgz 6062ms (cache miss)
653 http fetch GET 200 https://registry.npmjs.org/source-map-js/-/source-map-js-1.2.1.tgz 6066ms (cache miss)
654 http fetch GET 200 https://registry.npmjs.org/d3-scale/-/d3-scale-4.0.2.tgz 6266ms (cache miss)
655 http fetch GET 200 https://registry.npmjs.org/source-map/-/source-map-0.6.1.tgz 6637ms (cache miss)
656 http fetch GET 200 https://registry.npmjs.org/d3-interpolate/-/d3-interpolate-3.0.1.tgz 6642ms (cache miss)
657 http fetch GET 200 https://registry.npmjs.org/@vue/compiler-dom/-/compiler-dom-3.5.38.tgz 6781ms (cache miss)
658 http fetch GET 200 https://registry.npmjs.org/@vue/runtime-dom/-/runtime-dom-3.5.38.tgz 6838ms (cache miss)
659 http fetch GET 200 https://registry.npmjs.org/d3-time-format/-/d3-time-format-4.1.0.tgz 7125ms (cache miss)
660 http fetch GET 200 https://registry.npmjs.org/@babel/parser/-/parser-7.29.7.tgz 7487ms (cache miss)
661 http fetch GET 200 https://registry.npmjs.org/iconv-lite/-/iconv-lite-0.6.3.tgz 7442ms (cache miss)
662 http fetch GET 200 https://registry.npmjs.org/d3-transition/-/d3-transition-3.0.1.tgz 7731ms (cache miss)
663 http fetch GET 200 https://registry.npmjs.org/postcss/-/postcss-8.5.15.tgz 7786ms (cache miss)
664 http fetch GET 200 https://registry.npmjs.org/d3-hierarchy/-/d3-hierarchy-3.1.2.tgz 7818ms (cache miss)
665 http fetch GET 200 https://registry.npmjs.org/@vue/compiler-sfc/-/compiler-sfc-3.5.38.tgz 8020ms (cache miss)
666 http fetch GET 200 https://registry.npmjs.org/d3-array/-/d3-array-3.2.4.tgz 8509ms (cache miss)
667 http fetch GET 200 https://registry.npmjs.org/d3-format/-/d3-format-3.1.2.tgz 8560ms (cache miss)
668 http fetch GET 200 https://registry.npmjs.org/d3-scale-chromatic/-/d3-scale-chromatic-3.1.0.tgz 8871ms (cache miss)
669 http fetch GET 200 https://registry.npmjs.org/d3-selection/-/d3-selection-3.0.0.tgz 8911ms (cache miss)
670 http fetch GET 200 https://registry.npmjs.org/vue/-/vue-3.5.38.tgz 9004ms (cache miss)
671 http fetch GET 200 https://registry.npmjs.org/d3-geo/-/d3-geo-3.1.1.tgz 9096ms (cache miss)
672 http fetch GET 200 https://registry.npmjs.org/d3-shape/-/d3-shape-3.2.0.tgz 9260ms (cache miss)
673 http fetch GET 200 https://registry.npmjs.org/axios/-/axios-1.18.0.tgz 10690ms (cache miss)
674 http fetch GET 200 https://registry.npmjs.org/entities/-/entities-7.0.1.tgz 11504ms (cache miss)
675 http fetch GET 200 https://registry.npmjs.org/@babel/types/-/types-7.29.7.tgz 12588ms (cache miss)
676 http fetch GET 200 https://registry.npmjs.org/@flowfuse/node-red-dashboard/-/node-red-dashboard-1.30.2.tgz 16083ms (cache miss)
677 http fetch GET 200 https://registry.npmjs.org/zrender/-/zrender-6.1.0.tgz 16997ms (cache miss)
678 http fetch GET 200 https://registry.npmjs.org/echarts/-/echarts-6.1.0.tgz 25320ms (cache miss)
679 silly ADD node_modules/picocolors
680 silly ADD node_modules/nanoid
681 silly ADD node_modules/@jridgewell/sourcemap-codec
682 silly ADD node_modules/csstype
683 silly ADD node_modules/@vue/runtime-core
684 silly ADD node_modules/@vue/reactivity
685 silly ADD node_modules/postcss
686 silly ADD node_modules/magic-string
687 silly ADD node_modules/@vue/compiler-ssr
688 silly ADD node_modules/@babel/helper-validator-identifier
689 silly ADD node_modules/@babel/helper-string-parser
690 silly ADD node_modules/@babel/types
691 silly ADD node_modules/source-map-js
692 silly ADD node_modules/estree-walker
693 silly ADD node_modules/entities
694 silly ADD node_modules/@babel/parser
695 silly ADD node_modules/@vue/compiler-core
696 silly ADD node_modules/@vue/shared
697 silly ADD node_modules/@vue/server-renderer
698 silly ADD node_modules/@vue/runtime-dom
699 silly ADD node_modules/@vue/compiler-sfc
700 silly ADD node_modules/@vue/compiler-dom
701 silly ADD node_modules/source-map
702 silly ADD node_modules/esutils
703 silly ADD node_modules/estraverse
704 silly ADD node_modules/esprima
705 silly ADD node_modules/zrender
706 silly ADD node_modules/tslib
707 silly ADD node_modules/robust-predicates
708 silly ADD node_modules/rw
709 silly ADD node_modules/commander
710 silly ADD node_modules/delaunator
711 silly ADD node_modules/internmap
712 silly ADD node_modules/d3-zoom
713 silly ADD node_modules/d3-transition
714 silly ADD node_modules/d3-timer
715 silly ADD node_modules/d3-time-format
716 silly ADD node_modules/d3-time
717 silly ADD node_modules/d3-shape
718 silly ADD node_modules/d3-selection
719 silly ADD node_modules/d3-scale-chromatic
720 silly ADD node_modules/d3-scale
721 silly ADD node_modules/d3-random
722 silly ADD node_modules/d3-quadtree
723 silly ADD node_modules/d3-polygon
724 silly ADD node_modules/d3-path
725 silly ADD node_modules/d3-interpolate
726 silly ADD node_modules/d3-hierarchy
727 silly ADD node_modules/d3-geo
728 silly ADD node_modules/d3-format
729 silly ADD node_modules/d3-force
730 silly ADD node_modules/d3-fetch
731 silly ADD node_modules/d3-ease
732 silly ADD node_modules/d3-dsv
733 silly ADD node_modules/d3-dsv/node_modules/iconv-lite
734 silly ADD node_modules/d3-drag
735 silly ADD node_modules/d3-dispatch
736 silly ADD node_modules/d3-delaunay
737 silly ADD node_modules/d3-contour
738 silly ADD node_modules/d3-color
739 silly ADD node_modules/d3-chord
740 silly ADD node_modules/d3-brush
741 silly ADD node_modules/d3-axis
742 silly ADD node_modules/d3-array
743 silly ADD node_modules/proxy-from-env
744 silly ADD node_modules/follow-redirects
745 silly ADD node_modules/vue
746 silly ADD node_modules/lodash.merge
747 silly ADD node_modules/escodegen
748 silly ADD node_modules/echarts
749 silly ADD node_modules/d3
750 silly ADD node_modules/axios
751 silly ADD node_modules/axios/node_modules/ms
752 silly ADD node_modules/axios/node_modules/debug
753 silly ADD node_modules/axios/node_modules/agent-base
754 silly ADD node_modules/axios/node_modules/https-proxy-agent
755 silly ADD node_modules/acorn
756 silly ADD node_modules/@flowfuse/node-red-dashboard
757 warn allow-scripts 4 packages have install scripts not yet covered by allowScripts:
757 warn allow-scripts   @tensorflow/tfjs-node@3.21.1 (install: node-gyp rebuild)
757 warn allow-scripts   core-js@3.49.0 (install: (install scripts present))
757 warn allow-scripts   node-red-contrib-tfjs-coco-ssd@1.0.6 (install: (install scripts present))
757 warn allow-scripts   node-red-dashboard@3.6.6 (install: (install scripts present))
757 warn allow-scripts
757 warn allow-scripts Run `npm approve-scripts --allow-scripts-pending` to review, or `npm approve-scripts <pkg>` to allow.
758 verbose cwd /data
759 verbose os Linux 6.6.87.2-microsoft-standard-WSL2
760 verbose node v24.16.0
761 verbose npm  v11.16.0
762 verbose exit 0
763 info ok
