0 verbose cli /usr/local/bin/node /usr/src/node-red/node_modules/npm/bin/npm-cli.js
1 info using npm@11.16.0
2 info using node@v24.16.0
3 silly config load:file:/usr/src/node-red/node_modules/npm/npmrc
4 silly config load:file:/data/.npmrc
5 silly config load:file:/usr/src/node-red/.npmrc
6 silly config load:file:/usr/local/etc/npmrc
7 verbose title npm install node-red-dashboard@3.6.6
8 verbose argv "install" "--no-audit" "--no-update-notifier" "--no-fund" "--save" "--save-prefix" "~" "--omit" "dev" "--engine-strict" "--" "node-red-dashboard@3.6.6"
9 verbose logfile logs-max:10 dir:/data/.npm/_logs/2026-06-27T21_49_18_717Z-
10 verbose logfile /data/.npm/_logs/2026-06-27T21_49_18_717Z-debug-0.log
11 silly logfile done cleaning log files
12 silly packumentCache heap:4496293888 maxSize:1124073472 maxEntrySize:562036736
13 silly idealTree buildDeps
14 silly fetch manifest node-red-dashboard@3.6.6
15 silly packumentCache full:https://registry.npmjs.org/node-red-dashboard cache-miss
16 http fetch GET 200 https://registry.npmjs.org/node-red-dashboard 618ms (cache revalidated)
17 silly packumentCache full:https://registry.npmjs.org/node-red-dashboard set size:549868 disposed:false
18 silly placeDep ROOT node-red-dashboard@3.6.6 REPLACE for: node-red-project@0.0.1 want: 3.6.6
19 silly reify moves {}
20 http cache node-red-dashboard@https://registry.npmjs.org/node-red-dashboard/-/node-red-dashboard-3.6.6.tgz 0ms (cache hit)
21 http cache yallist@https://registry.npmjs.org/yallist/-/yallist-3.1.1.tgz 0ms (cache hit)
22 http cache yargs-parser@https://registry.npmjs.org/yargs-parser/-/yargs-parser-20.2.9.tgz 0ms (cache hit)
23 http cache y18n@https://registry.npmjs.org/y18n/-/y18n-5.0.8.tgz 0ms (cache hit)
24 http cache yargs@https://registry.npmjs.org/yargs/-/yargs-16.2.0.tgz 0ms (cache hit)
25 http cache ws@https://registry.npmjs.org/ws/-/ws-8.20.1.tgz 0ms (cache hit)
26 http cache wrappy@https://registry.npmjs.org/wrappy/-/wrappy-1.0.2.tgz 0ms (cache hit)
27 http cache wrap-ansi@https://registry.npmjs.org/wrap-ansi/-/wrap-ansi-7.0.0.tgz 0ms (cache hit)
28 http cache wide-align@https://registry.npmjs.org/wide-align/-/wide-align-1.1.5.tgz 0ms (cache hit)
29 http cache whatwg-url@https://registry.npmjs.org/whatwg-url/-/whatwg-url-5.0.0.tgz 0ms (cache hit)
30 http cache vary@https://registry.npmjs.org/vary/-/vary-1.1.2.tgz 0ms (cache hit)
31 http cache webidl-conversions@https://registry.npmjs.org/webidl-conversions/-/webidl-conversions-3.0.1.tgz 0ms (cache hit)
32 http cache utils-merge@https://registry.npmjs.org/utils-merge/-/utils-merge-1.0.1.tgz 0ms (cache hit)
33 http cache util-deprecate@https://registry.npmjs.org/util-deprecate/-/util-deprecate-1.0.2.tgz 0ms (cache hit)
34 http cache unpipe@https://registry.npmjs.org/unpipe/-/unpipe-1.0.0.tgz 0ms (cache hit)
35 http cache supports-color@https://registry.npmjs.org/supports-color/-/supports-color-7.2.0.tgz 0ms (cache hit)
36 http cache tar@https://registry.npmjs.org/tar/-/tar-4.4.19.tgz 0ms (cache hit)
37 http cache type-is@https://registry.npmjs.org/type-is/-/type-is-1.6.18.tgz 0ms (cache hit)
38 http cache undici-types@https://registry.npmjs.org/undici-types/-/undici-types-7.24.6.tgz 0ms (cache hit)
39 http cache tr46@https://registry.npmjs.org/tr46/-/tr46-0.0.3.tgz 0ms (cache hit)
40 http cache toidentifier@https://registry.npmjs.org/toidentifier/-/toidentifier-1.0.1.tgz 0ms (cache hit)
41 http cache strip-ansi@https://registry.npmjs.org/strip-ansi/-/strip-ansi-6.0.1.tgz 0ms (cache hit)
42 http cache string-width@https://registry.npmjs.org/string-width/-/string-width-4.2.3.tgz 0ms (cache hit)
43 http cache string_decoder@https://registry.npmjs.org/string_decoder/-/string_decoder-1.3.0.tgz 0ms (cache hit)
44 http cache sprintf-js@https://registry.npmjs.org/sprintf-js/-/sprintf-js-1.0.3.tgz 0ms (cache hit)
45 http cache statuses@https://registry.npmjs.org/statuses/-/statuses-2.0.2.tgz 0ms (cache hit)
46 http cache socket.io-parser@https://registry.npmjs.org/socket.io-parser/-/socket.io-parser-4.2.6.tgz 0ms (cache hit)
47 http cache socket.io-adapter@https://registry.npmjs.org/socket.io-adapter/-/socket.io-adapter-2.5.7.tgz 0ms (cache hit)
48 http cache side-channel@https://registry.npmjs.org/side-channel/-/side-channel-1.1.0.tgz 0ms (cache hit)
49 http cache socket.io@https://registry.npmjs.org/socket.io/-/socket.io-4.8.3.tgz 0ms (cache hit)
50 http cache side-channel-weakmap@https://registry.npmjs.org/side-channel-weakmap/-/side-channel-weakmap-1.0.2.tgz 0ms (cache hit)
51 http cache signal-exit@https://registry.npmjs.org/signal-exit/-/signal-exit-3.0.7.tgz 0ms (cache hit)
52 http cache side-channel-map@https://registry.npmjs.org/side-channel-map/-/side-channel-map-1.0.1.tgz 0ms (cache hit)
53 http cache side-channel-list@https://registry.npmjs.org/side-channel-list/-/side-channel-list-1.0.1.tgz 0ms (cache hit)
54 http cache setprototypeof@https://registry.npmjs.org/setprototypeof/-/setprototypeof-1.2.0.tgz 0ms (cache hit)
55 http cache set-blocking@https://registry.npmjs.org/set-blocking/-/set-blocking-2.0.0.tgz 0ms (cache hit)
56 http cache serve-static@https://registry.npmjs.org/serve-static/-/serve-static-1.16.3.tgz 0ms (cache hit)
57 http cache send@https://registry.npmjs.org/send/-/send-0.19.2.tgz 0ms (cache hit)
58 http cache semver@https://registry.npmjs.org/semver/-/semver-7.8.0.tgz 0ms (cache hit)
59 http cache safe-buffer@https://registry.npmjs.org/safe-buffer/-/safe-buffer-5.2.1.tgz 0ms (cache hit)
60 http cache safer-buffer@https://registry.npmjs.org/safer-buffer/-/safer-buffer-2.1.2.tgz 0ms (cache hit)
61 http cache seedrandom@https://registry.npmjs.org/seedrandom/-/seedrandom-3.0.5.tgz 0ms (cache hit)
62 http cache rimraf@https://registry.npmjs.org/rimraf/-/rimraf-2.7.1.tgz 0ms (cache hit)
63 http cache require-directory@https://registry.npmjs.org/require-directory/-/require-directory-2.1.1.tgz 1ms (cache hit)
64 http cache raw-body@https://registry.npmjs.org/raw-body/-/raw-body-2.5.3.tgz 0ms (cache hit)
65 http cache readable-stream@https://registry.npmjs.org/readable-stream/-/readable-stream-3.6.2.tgz 0ms (cache hit)
66 http cache regenerator-runtime@https://registry.npmjs.org/regenerator-runtime/-/regenerator-runtime-0.13.11.tgz 0ms (cache hit)
67 http cache path-to-regexp@https://registry.npmjs.org/path-to-regexp/-/path-to-regexp-0.1.13.tgz 0ms (cache hit)
68 http cache range-parser@https://registry.npmjs.org/range-parser/-/range-parser-1.2.1.tgz 0ms (cache hit)
69 http cache qs@https://registry.npmjs.org/qs/-/qs-6.15.2.tgz 0ms (cache hit)
70 http cache pureimage@https://registry.npmjs.org/pureimage/-/pureimage-0.3.17.tgz 0ms (cache hit)
71 http cache proxy-addr@https://registry.npmjs.org/proxy-addr/-/proxy-addr-2.0.7.tgz 0ms (cache hit)
72 http cache progress@https://registry.npmjs.org/progress/-/progress-2.0.3.tgz 0ms (cache hit)
73 http cache pngjs@https://registry.npmjs.org/pngjs/-/pngjs-3.4.0.tgz 0ms (cache hit)
74 http cache once@https://registry.npmjs.org/once/-/once-1.4.0.tgz 0ms (cache hit)
75 http cache parseurl@https://registry.npmjs.org/parseurl/-/parseurl-1.3.3.tgz 0ms (cache hit)
76 http cache opentype.js@https://registry.npmjs.org/opentype.js/-/opentype.js-0.4.11.tgz 0ms (cache hit)
77 http cache on-finished@https://registry.npmjs.org/on-finished/-/on-finished-2.4.1.tgz 0ms (cache hit)
78 http cache path-is-absolute@https://registry.npmjs.org/path-is-absolute/-/path-is-absolute-1.0.1.tgz 0ms (cache hit)
79 http cache object-assign@https://registry.npmjs.org/object-assign/-/object-assign-4.1.1.tgz 0ms (cache hit)
80 http cache object-inspect@https://registry.npmjs.org/object-inspect/-/object-inspect-1.13.4.tgz 0ms (cache hit)
81 http cache on-headers@https://registry.npmjs.org/on-headers/-/on-headers-1.1.0.tgz 0ms (cache hit)
82 http cache npmlog@https://registry.npmjs.org/npmlog/-/npmlog-5.0.1.tgz 1ms (cache hit)
83 http cache nopt@https://registry.npmjs.org/nopt/-/nopt-5.0.0.tgz 0ms (cache hit)
84 http cache negotiator@https://registry.npmjs.org/negotiator/-/negotiator-0.6.4.tgz 0ms (cache hit)
85 http cache node-red-contrib-image-output@https://registry.npmjs.org/node-red-contrib-image-output/-/node-red-contrib-image-output-0.6.4.tgz 0ms (cache hit)
86 http cache node-red-contrib-tfjs-coco-ssd@https://registry.npmjs.org/node-red-contrib-tfjs-coco-ssd/-/node-red-contrib-tfjs-coco-ssd-1.0.6.tgz 0ms (cache hit)
87 http cache node-fetch@https://registry.npmjs.org/node-fetch/-/node-fetch-2.6.13.tgz 0ms (cache hit)
88 http cache mkdirp@https://registry.npmjs.org/mkdirp/-/mkdirp-0.5.6.tgz 0ms (cache hit)
89 http cache minipass@https://registry.npmjs.org/minipass/-/minipass-2.9.0.tgz 0ms (cache hit)
90 http cache minimatch@https://registry.npmjs.org/minimatch/-/minimatch-3.1.5.tgz 0ms (cache hit)
91 http cache mime-types@https://registry.npmjs.org/mime-types/-/mime-types-2.1.35.tgz 0ms (cache hit)
92 http cache methods@https://registry.npmjs.org/methods/-/methods-1.1.2.tgz 0ms (cache hit)
93 http cache mime-db@https://registry.npmjs.org/mime-db/-/mime-db-1.54.0.tgz 0ms (cache hit)
94 http cache mime@https://registry.npmjs.org/mime/-/mime-1.6.0.tgz 0ms (cache hit)
95 http cache ms@https://registry.npmjs.org/ms/-/ms-2.0.0.tgz 0ms (cache hit)
96 http cache minizlib@https://registry.npmjs.org/minizlib/-/minizlib-1.3.3.tgz 0ms (cache hit)
97 http cache minimist@https://registry.npmjs.org/minimist/-/minimist-1.2.8.tgz 0ms (cache hit)
98 http cache merge-descriptors@https://registry.npmjs.org/merge-descriptors/-/merge-descriptors-1.0.3.tgz 0ms (cache hit)
99 http cache make-dir@https://registry.npmjs.org/make-dir/-/make-dir-3.1.0.tgz 0ms (cache hit)
100 http cache math-intrinsics@https://registry.npmjs.org/math-intrinsics/-/math-intrinsics-1.1.0.tgz 0ms (cache hit)
101 http cache media-typer@https://registry.npmjs.org/media-typer/-/media-typer-0.3.0.tgz 0ms (cache hit)
102 http cache long@https://registry.npmjs.org/long/-/long-4.0.0.tgz 0ms (cache hit)
103 http cache is-fullwidth-code-point@https://registry.npmjs.org/is-fullwidth-code-point/-/is-fullwidth-code-point-3.0.0.tgz 0ms (cache hit)
104 http cache jimp-compact@https://registry.npmjs.org/jimp-compact/-/jimp-compact-0.10.3.tgz 0ms (cache hit)
105 http cache jquery@https://registry.npmjs.org/jquery/-/jquery-3.7.1.tgz 0ms (cache hit)
106 http cache jpeg-js@https://registry.npmjs.org/jpeg-js/-/jpeg-js-0.4.4.tgz 0ms (cache hit)
107 http cache ipaddr.js@https://registry.npmjs.org/ipaddr.js/-/ipaddr.js-1.9.1.tgz 0ms (cache hit)
108 http cache inherits@https://registry.npmjs.org/inherits/-/inherits-2.0.4.tgz 0ms (cache hit)
109 http cache inflight@https://registry.npmjs.org/inflight/-/inflight-1.0.6.tgz 0ms (cache hit)
110 http cache https-proxy-agent@https://registry.npmjs.org/https-proxy-agent/-/https-proxy-agent-2.2.4.tgz 0ms (cache hit)
111 http cache iconv-lite@https://registry.npmjs.org/iconv-lite/-/iconv-lite-0.4.24.tgz 0ms (cache hit)
112 http cache hasown@https://registry.npmjs.org/hasown/-/hasown-2.0.3.tgz 0ms (cache hit)
113 http cache has-tostringtag@https://registry.npmjs.org/has-tostringtag/-/has-tostringtag-1.0.2.tgz 0ms (cache hit)
114 http cache http-errors@https://registry.npmjs.org/http-errors/-/http-errors-2.0.1.tgz 0ms (cache hit)
115 http cache has-unicode@https://registry.npmjs.org/has-unicode/-/has-unicode-2.0.1.tgz 0ms (cache hit)
116 http cache has-symbols@https://registry.npmjs.org/has-symbols/-/has-symbols-1.1.0.tgz 0ms (cache hit)
117 http cache gridstack@https://registry.npmjs.org/gridstack/-/gridstack-0.6.4.tgz 0ms (cache hit)
118 http cache has-flag@https://registry.npmjs.org/has-flag/-/has-flag-4.0.0.tgz 0ms (cache hit)
119 http cache gopd@https://registry.npmjs.org/gopd/-/gopd-1.2.0.tgz 0ms (cache hit)
120 http cache glob@https://registry.npmjs.org/glob/-/glob-7.2.3.tgz 0ms (cache hit)
121 http cache get-proto@https://registry.npmjs.org/get-proto/-/get-proto-1.0.1.tgz 0ms (cache hit)
122 http cache google-protobuf@https://registry.npmjs.org/google-protobuf/-/google-protobuf-3.21.4.tgz 0ms (cache hit)
123 http cache gauge@https://registry.npmjs.org/gauge/-/gauge-3.0.2.tgz 0ms (cache hit)
124 http cache get-intrinsic@https://registry.npmjs.org/get-intrinsic/-/get-intrinsic-1.3.0.tgz 0ms (cache hit)
125 http cache get-caller-file@https://registry.npmjs.org/get-caller-file/-/get-caller-file-2.0.5.tgz 0ms (cache hit)
126 http cache fs.realpath@https://registry.npmjs.org/fs.realpath/-/fs.realpath-1.0.0.tgz 0ms (cache hit)
127 http cache function-bind@https://registry.npmjs.org/function-bind/-/function-bind-1.1.2.tgz 0ms (cache hit)
128 http cache fs-minipass@https://registry.npmjs.org/fs-minipass/-/fs-minipass-1.2.7.tgz 0ms (cache hit)
129 http cache fresh@https://registry.npmjs.org/fresh/-/fresh-0.5.2.tgz 0ms (cache hit)
130 http cache forwarded@https://registry.npmjs.org/forwarded/-/forwarded-0.2.0.tgz 0ms (cache hit)
131 http cache form-data@https://registry.npmjs.org/form-data/-/form-data-4.0.5.tgz 0ms (cache hit)
132 http cache finalhandler@https://registry.npmjs.org/finalhandler/-/finalhandler-1.3.2.tgz 0ms (cache hit)
133 http cache express@https://registry.npmjs.org/express/-/express-4.22.2.tgz 0ms (cache hit)
134 http cache es6-promise@https://registry.npmjs.org/es6-promise/-/es6-promise-4.2.8.tgz 0ms (cache hit)
135 http cache etag@https://registry.npmjs.org/etag/-/etag-1.8.1.tgz 0ms (cache hit)
136 http cache es-set-tostringtag@https://registry.npmjs.org/es-set-tostringtag/-/es-set-tostringtag-2.1.0.tgz 0ms (cache hit)
137 http cache escape-html@https://registry.npmjs.org/escape-html/-/escape-html-1.0.3.tgz 0ms (cache hit)
138 http cache es-errors@https://registry.npmjs.org/es-errors/-/es-errors-1.3.0.tgz 0ms (cache hit)
139 http cache escalade@https://registry.npmjs.org/escalade/-/escalade-3.2.0.tgz 0ms (cache hit)
140 http cache es6-promisify@https://registry.npmjs.org/es6-promisify/-/es6-promisify-5.0.0.tgz 0ms (cache hit)
141 http cache es-object-atoms@https://registry.npmjs.org/es-object-atoms/-/es-object-atoms-1.1.1.tgz 0ms (cache hit)
142 http cache es-define-property@https://registry.npmjs.org/es-define-property/-/es-define-property-1.0.1.tgz 0ms (cache hit)
143 http cache engine.io@https://registry.npmjs.org/engine.io/-/engine.io-6.6.8.tgz 0ms (cache hit)
144 http cache engine.io-parser@https://registry.npmjs.org/engine.io-parser/-/engine.io-parser-5.2.3.tgz 0ms (cache hit)
145 http cache encodeurl@https://registry.npmjs.org/encodeurl/-/encodeurl-2.0.0.tgz 0ms (cache hit)
146 http cache emoji-regex@https://registry.npmjs.org/emoji-regex/-/emoji-regex-8.0.0.tgz 0ms (cache hit)
147 http cache dunder-proto@https://registry.npmjs.org/dunder-proto/-/dunder-proto-1.0.1.tgz 0ms (cache hit)
148 http cache ee-first@https://registry.npmjs.org/ee-first/-/ee-first-1.1.1.tgz 0ms (cache hit)
149 http cache detect-libc@https://registry.npmjs.org/detect-libc/-/detect-libc-2.1.2.tgz 0ms (cache hit)
150 http cache delayed-stream@https://registry.npmjs.org/delayed-stream/-/delayed-stream-1.0.0.tgz 0ms (cache hit)
151 http cache debug@https://registry.npmjs.org/debug/-/debug-2.6.9.tgz 0ms (cache hit)
152 http cache delegates@https://registry.npmjs.org/delegates/-/delegates-1.0.0.tgz 0ms (cache hit)
153 http cache depd@https://registry.npmjs.org/depd/-/depd-2.0.0.tgz 0ms (cache hit)
154 http cache cookie@https://registry.npmjs.org/cookie/-/cookie-0.7.2.tgz 0ms (cache hit)
155 http cache destroy@https://registry.npmjs.org/destroy/-/destroy-1.2.0.tgz 0ms (cache hit)
156 http cache cors@https://registry.npmjs.org/cors/-/cors-2.8.6.tgz 0ms (cache hit)
157 http cache core-js@https://registry.npmjs.org/core-js/-/core-js-3.49.0.tgz 0ms (cache hit)
158 http cache content-type@https://registry.npmjs.org/content-type/-/content-type-1.0.5.tgz 0ms (cache hit)
159 http cache cookie-signature@https://registry.npmjs.org/cookie-signature/-/cookie-signature-1.0.7.tgz 0ms (cache hit)
160 http cache content-disposition@https://registry.npmjs.org/content-disposition/-/content-disposition-0.5.4.tgz 0ms (cache hit)
161 http cache concat-map@https://registry.npmjs.org/concat-map/-/concat-map-0.0.1.tgz 0ms (cache hit)
162 http cache console-control-strings@https://registry.npmjs.org/console-control-strings/-/console-control-strings-1.1.0.tgz 0ms (cache hit)
163 http cache compression@https://registry.npmjs.org/compression/-/compression-1.8.1.tgz 0ms (cache hit)
164 http cache compressible@https://registry.npmjs.org/compressible/-/compressible-2.0.18.tgz 0ms (cache hit)
165 http cache color-support@https://registry.npmjs.org/color-support/-/color-support-1.1.3.tgz 0ms (cache hit)
166 http cache combined-stream@https://registry.npmjs.org/combined-stream/-/combined-stream-1.0.8.tgz 0ms (cache hit)
167 http cache color-name@https://registry.npmjs.org/color-name/-/color-name-1.1.4.tgz 0ms (cache hit)
168 http cache cliui@https://registry.npmjs.org/cliui/-/cliui-7.0.4.tgz 0ms (cache hit)
169 http cache color-convert@https://registry.npmjs.org/color-convert/-/color-convert-2.0.1.tgz 0ms (cache hit)
170 http cache chownr@https://registry.npmjs.org/chownr/-/chownr-1.1.4.tgz 0ms (cache hit)
171 http cache chalk@https://registry.npmjs.org/chalk/-/chalk-4.1.2.tgz 0ms (cache hit)
172 http cache call-bound@https://registry.npmjs.org/call-bound/-/call-bound-1.0.4.tgz 0ms (cache hit)
173 http cache call-bind-apply-helpers@https://registry.npmjs.org/call-bind-apply-helpers/-/call-bind-apply-helpers-1.0.2.tgz 0ms (cache hit)
174 http cache body-parser@https://registry.npmjs.org/body-parser/-/body-parser-1.20.5.tgz 0ms (cache hit)
175 http cache bytes@https://registry.npmjs.org/bytes/-/bytes-3.1.2.tgz 0ms (cache hit)
176 http cache brace-expansion@https://registry.npmjs.org/brace-expansion/-/brace-expansion-1.1.14.tgz 0ms (cache hit)
177 http cache base64id@https://registry.npmjs.org/base64id/-/base64id-2.0.0.tgz 0ms (cache hit)
178 http cache balanced-match@https://registry.npmjs.org/balanced-match/-/balanced-match-1.0.2.tgz 0ms (cache hit)
179 http cache array-flatten@https://registry.npmjs.org/array-flatten/-/array-flatten-1.1.1.tgz 0ms (cache hit)
180 http cache asynckit@https://registry.npmjs.org/asynckit/-/asynckit-0.4.0.tgz 0ms (cache hit)
181 http cache argparse@https://registry.npmjs.org/argparse/-/argparse-1.0.10.tgz 0ms (cache hit)
182 http cache are-we-there-yet@https://registry.npmjs.org/are-we-there-yet/-/are-we-there-yet-2.0.0.tgz 0ms (cache hit)
183 http cache aproba@https://registry.npmjs.org/aproba/-/aproba-2.1.0.tgz 0ms (cache hit)
184 http cache ansi-styles@https://registry.npmjs.org/ansi-styles/-/ansi-styles-4.3.0.tgz 0ms (cache hit)
185 http cache ansi-regex@https://registry.npmjs.org/ansi-regex/-/ansi-regex-5.0.1.tgz 0ms (cache hit)
186 http cache adm-zip@https://registry.npmjs.org/adm-zip/-/adm-zip-0.5.17.tgz 0ms (cache hit)
187 http cache accepts@https://registry.npmjs.org/accepts/-/accepts-1.3.8.tgz 0ms (cache hit)
188 http cache abbrev@https://registry.npmjs.org/abbrev/-/abbrev-1.1.1.tgz 0ms (cache hit)
189 http cache agent-base@https://registry.npmjs.org/agent-base/-/agent-base-4.3.0.tgz 0ms (cache hit)
190 http cache @types/ws@https://registry.npmjs.org/@types/ws/-/ws-8.18.1.tgz 0ms (cache hit)
191 http cache @types/webgl-ext@https://registry.npmjs.org/@types/webgl-ext/-/webgl-ext-0.0.30.tgz 0ms (cache hit)
192 http cache @types/webgl2@https://registry.npmjs.org/@types/webgl2/-/webgl2-0.0.6.tgz 0ms (cache hit)
193 http cache @webgpu/types@https://registry.npmjs.org/@webgpu/types/-/types-0.1.38.tgz 0ms (cache hit)
194 http cache @types/seedrandom@https://registry.npmjs.org/@types/seedrandom/-/seedrandom-2.4.34.tgz 0ms (cache hit)
195 http cache @types/node@https://registry.npmjs.org/@types/node/-/node-25.9.0.tgz 0ms (cache hit)
196 http cache @types/node-fetch@https://registry.npmjs.org/@types/node-fetch/-/node-fetch-2.6.13.tgz 0ms (cache hit)
197 http cache @types/offscreencanvas@https://registry.npmjs.org/@types/offscreencanvas/-/offscreencanvas-2019.7.3.tgz 0ms (cache hit)
198 http cache @types/cors@https://registry.npmjs.org/@types/cors/-/cors-2.8.19.tgz 0ms (cache hit)
199 http cache @types/long@https://registry.npmjs.org/@types/long/-/long-4.0.2.tgz 0ms (cache hit)
200 http cache @tensorflow/tfjs-core@https://registry.npmjs.org/@tensorflow/tfjs-core/-/tfjs-core-4.22.0.tgz 0ms (cache hit)
201 http cache @tensorflow/tfjs-node@https://registry.npmjs.org/@tensorflow/tfjs-node/-/tfjs-node-3.21.1.tgz 0ms (cache hit)
202 http cache @tensorflow/tfjs@https://registry.npmjs.org/@tensorflow/tfjs/-/tfjs-3.21.0.tgz 0ms (cache hit)
203 http cache @tensorflow/tfjs-converter@https://registry.npmjs.org/@tensorflow/tfjs-converter/-/tfjs-converter-4.22.0.tgz 0ms (cache hit)
204 http cache @tensorflow-models/coco-ssd@https://registry.npmjs.org/@tensorflow-models/coco-ssd/-/coco-ssd-2.2.3.tgz 0ms (cache hit)
205 http cache @socket.io/component-emitter@https://registry.npmjs.org/@socket.io/component-emitter/-/component-emitter-3.1.2.tgz 0ms (cache hit)
206 http cache @mapbox/node-pre-gyp@https://registry.npmjs.org/@mapbox/node-pre-gyp/-/node-pre-gyp-1.0.9.tgz 0ms (cache hit)
207 http cache debug@https://registry.npmjs.org/debug/-/debug-4.4.3.tgz 0ms (cache hit)
208 http cache debug@https://registry.npmjs.org/debug/-/debug-4.4.3.tgz 0ms (cache hit)
209 http cache ms@https://registry.npmjs.org/ms/-/ms-2.1.3.tgz 0ms (cache hit)
210 http cache ms@https://registry.npmjs.org/ms/-/ms-2.1.3.tgz 0ms (cache hit)
211 http cache debug@https://registry.npmjs.org/debug/-/debug-4.4.3.tgz 0ms (cache hit)
212 http cache ms@https://registry.npmjs.org/ms/-/ms-2.1.3.tgz 0ms (cache hit)
213 http cache ms@https://registry.npmjs.org/ms/-/ms-2.1.3.tgz 0ms (cache hit)
214 http cache mime-db@https://registry.npmjs.org/mime-db/-/mime-db-1.52.0.tgz 0ms (cache hit)
215 http cache semver@https://registry.npmjs.org/semver/-/semver-6.3.1.tgz 0ms (cache hit)
216 http cache debug@https://registry.npmjs.org/debug/-/debug-4.4.3.tgz 0ms (cache hit)
217 http cache debug@https://registry.npmjs.org/debug/-/debug-3.2.7.tgz 0ms (cache hit)
218 http cache ms@https://registry.npmjs.org/ms/-/ms-2.1.3.tgz 1ms (cache hit)
219 http cache ms@https://registry.npmjs.org/ms/-/ms-2.1.3.tgz 0ms (cache hit)
220 http cache negotiator@https://registry.npmjs.org/negotiator/-/negotiator-0.6.3.tgz 0ms (cache hit)
221 http cache @tensorflow/tfjs-data@https://registry.npmjs.org/@tensorflow/tfjs-data/-/tfjs-data-3.21.0.tgz 0ms (cache hit)
222 http cache @webgpu/types@https://registry.npmjs.org/@webgpu/types/-/types-0.1.16.tgz 1ms (cache hit)
223 http cache @types/offscreencanvas@https://registry.npmjs.org/@types/offscreencanvas/-/offscreencanvas-2019.3.0.tgz 0ms (cache hit)
224 http cache @tensorflow/tfjs-layers@https://registry.npmjs.org/@tensorflow/tfjs-layers/-/tfjs-layers-3.21.0.tgz 0ms (cache hit)
225 http cache @tensorflow/tfjs-converter@https://registry.npmjs.org/@tensorflow/tfjs-converter/-/tfjs-converter-3.21.0.tgz 0ms (cache hit)
226 http cache @tensorflow/tfjs-backend-webgl@https://registry.npmjs.org/@tensorflow/tfjs-backend-webgl/-/tfjs-backend-webgl-3.21.0.tgz 0ms (cache hit)
227 http cache @tensorflow/tfjs-core@https://registry.npmjs.org/@tensorflow/tfjs-core/-/tfjs-core-3.21.0.tgz 0ms (cache hit)
228 http cache ms@https://registry.npmjs.org/ms/-/ms-2.1.3.tgz 0ms (cache hit)
229 http cache yallist@https://registry.npmjs.org/yallist/-/yallist-4.0.0.tgz 0ms (cache hit)
230 http cache tar@https://registry.npmjs.org/tar/-/tar-6.2.1.tgz 0ms (cache hit)
231 http cache @tensorflow/tfjs-backend-cpu@https://registry.npmjs.org/@tensorflow/tfjs-backend-cpu/-/tfjs-backend-cpu-3.21.0.tgz 0ms (cache hit)
232 http cache minipass@https://registry.npmjs.org/minipass/-/minipass-5.0.0.tgz 0ms (cache hit)
233 http cache minizlib@https://registry.npmjs.org/minizlib/-/minizlib-2.1.2.tgz 0ms (cache hit)
234 http cache rimraf@https://registry.npmjs.org/rimraf/-/rimraf-3.0.2.tgz 0ms (cache hit)
235 http cache mkdirp@https://registry.npmjs.org/mkdirp/-/mkdirp-1.0.4.tgz 0ms (cache hit)
236 http cache https-proxy-agent@https://registry.npmjs.org/https-proxy-agent/-/https-proxy-agent-5.0.1.tgz 0ms (cache hit)
237 http cache fs-minipass@https://registry.npmjs.org/fs-minipass/-/fs-minipass-2.1.0.tgz 0ms (cache hit)
238 http cache agent-base@https://registry.npmjs.org/agent-base/-/agent-base-6.0.2.tgz 0ms (cache hit)
239 http cache chownr@https://registry.npmjs.org/chownr/-/chownr-2.0.0.tgz 0ms (cache hit)
240 http cache debug@https://registry.npmjs.org/debug/-/debug-4.4.3.tgz 0ms (cache hit)
241 http cache minipass@https://registry.npmjs.org/minipass/-/minipass-3.3.6.tgz 0ms (cache hit)
242 http cache minipass@https://registry.npmjs.org/minipass/-/minipass-3.3.6.tgz 0ms (cache hit)
243 warn deprecated inflight@1.0.6: This module is not supported, and leaks memory. Do not use it. Check out lru-cache if you want a good and tested way to coalesce async requests by a key value, which is much more comprehensive and powerful.
244 warn deprecated npmlog@5.0.1: This package is no longer supported.
245 warn deprecated rimraf@2.7.1: Rimraf versions prior to v4 are no longer supported
246 warn deprecated rimraf@3.0.2: Rimraf versions prior to v4 are no longer supported
247 warn deprecated glob@7.2.3: Old versions of glob are not supported, and contain widely publicized security vulnerabilities, which have been fixed in the current version. Please update. Support for old versions may be purchased (at exorbitant rates) by contacting i@izs.me
248 warn deprecated are-we-there-yet@2.0.0: This package is no longer supported.
249 warn deprecated gauge@3.0.2: This package is no longer supported.
250 warn deprecated tar@4.4.19: Old versions of tar are not supported, and contain widely publicized security vulnerabilities, which have been fixed in the current version. Please update. Support for old versions may be purchased (at exorbitant rates) by contacting i@izs.me
251 warn deprecated tar@6.2.1: Old versions of tar are not supported, and contain widely publicized security vulnerabilities, which have been fixed in the current version. Please update. Support for old versions may be purchased (at exorbitant rates) by contacting i@izs.me
252 warn deprecated node-red-dashboard@3.6.6: No longer maintained - please look at alternatives such as @flowfuse/node-red-dashboard or node-red-contrib-uibuilder
253 info run @tensorflow/tfjs-node@3.21.1 install node_modules/@tensorflow/tfjs-node node scripts/install.js
254 info run @tensorflow/tfjs-node@3.21.1 install { code: 0, signal: null }
255 info run core-js@3.49.0 postinstall node_modules/core-js node -e "try{require('./postinstall')}catch(e){}"
256 info run node-red-contrib-tfjs-coco-ssd@1.0.6 postinstall node_modules/node-red-contrib-tfjs-coco-ssd npm rebuild @tensorflow/tfjs-node --build-from-source
257 info run node-red-dashboard@3.6.6 postinstall node_modules/node-red-dashboard node fixgrid.js
258 info run core-js@3.49.0 postinstall { code: 0, signal: null }
259 info run node-red-dashboard@3.6.6 postinstall { code: 0, signal: null }
260 info run node-red-contrib-tfjs-coco-ssd@1.0.6 postinstall { code: 0, signal: null }
261 silly ADD node_modules/node-red-dashboard
262 silly ADD node_modules/yargs-parser
263 silly ADD node_modules/yargs
264 silly ADD node_modules/yallist
265 silly ADD node_modules/y18n
266 silly ADD node_modules/ws
267 silly ADD node_modules/wrappy
268 silly ADD node_modules/wrap-ansi
269 silly ADD node_modules/wide-align
270 silly ADD node_modules/whatwg-url
271 silly ADD node_modules/webidl-conversions
272 silly ADD node_modules/vary
273 silly ADD node_modules/utils-merge
274 silly ADD node_modules/util-deprecate
275 silly ADD node_modules/unpipe
276 silly ADD node_modules/undici-types
277 silly ADD node_modules/type-is
278 silly ADD node_modules/tr46
279 silly ADD node_modules/toidentifier
280 silly ADD node_modules/tar
281 silly ADD node_modules/supports-color
282 silly ADD node_modules/strip-ansi
283 silly ADD node_modules/string-width
284 silly ADD node_modules/string_decoder
285 silly ADD node_modules/statuses
286 silly ADD node_modules/sprintf-js
287 silly ADD node_modules/socket.io-parser
288 silly ADD node_modules/socket.io-parser/node_modules/ms
289 silly ADD node_modules/socket.io-parser/node_modules/debug
290 silly ADD node_modules/socket.io-adapter
291 silly ADD node_modules/socket.io-adapter/node_modules/ms
292 silly ADD node_modules/socket.io-adapter/node_modules/debug
293 silly ADD node_modules/socket.io
294 silly ADD node_modules/socket.io/node_modules/ms
295 silly ADD node_modules/socket.io/node_modules/debug
296 silly ADD node_modules/signal-exit
297 silly ADD node_modules/side-channel-weakmap
298 silly ADD node_modules/side-channel-map
299 silly ADD node_modules/side-channel-list
300 silly ADD node_modules/side-channel
301 silly ADD node_modules/setprototypeof
302 silly ADD node_modules/set-blocking
303 silly ADD node_modules/serve-static
304 silly ADD node_modules/send
305 silly ADD node_modules/send/node_modules/ms
306 silly ADD node_modules/semver
307 silly ADD node_modules/seedrandom
308 silly ADD node_modules/safer-buffer
309 silly ADD node_modules/safe-buffer
310 silly ADD node_modules/rimraf
311 silly ADD node_modules/require-directory
312 silly ADD node_modules/regenerator-runtime
313 silly ADD node_modules/readable-stream
314 silly ADD node_modules/raw-body
315 silly ADD node_modules/range-parser
316 silly ADD node_modules/qs
317 silly ADD node_modules/pureimage
318 silly ADD node_modules/proxy-addr
319 silly ADD node_modules/progress
320 silly ADD node_modules/pngjs
321 silly ADD node_modules/path-to-regexp
322 silly ADD node_modules/path-is-absolute
323 silly ADD node_modules/parseurl
324 silly ADD node_modules/opentype.js
325 silly ADD node_modules/once
326 silly ADD node_modules/on-headers
327 silly ADD node_modules/on-finished
328 silly ADD node_modules/object-inspect
329 silly ADD node_modules/object-assign
330 silly ADD node_modules/npmlog
331 silly ADD node_modules/nopt
332 silly ADD node_modules/node-red-contrib-tfjs-coco-ssd
333 silly ADD node_modules/node-red-contrib-image-output
334 silly ADD node_modules/node-fetch
335 silly ADD node_modules/negotiator
336 silly ADD node_modules/ms
337 silly ADD node_modules/mkdirp
338 silly ADD node_modules/minizlib
339 silly ADD node_modules/minipass
340 silly ADD node_modules/minimist
341 silly ADD node_modules/minimatch
342 silly ADD node_modules/mime-types
343 silly ADD node_modules/mime-types/node_modules/mime-db
344 silly ADD node_modules/mime-db
345 silly ADD node_modules/mime
346 silly ADD node_modules/methods
347 silly ADD node_modules/merge-descriptors
348 silly ADD node_modules/media-typer
349 silly ADD node_modules/math-intrinsics
350 silly ADD node_modules/make-dir
351 silly ADD node_modules/make-dir/node_modules/semver
352 silly ADD node_modules/long
353 silly ADD node_modules/jquery
354 silly ADD node_modules/jpeg-js
355 silly ADD node_modules/jimp-compact
356 silly ADD node_modules/is-fullwidth-code-point
357 silly ADD node_modules/ipaddr.js
358 silly ADD node_modules/inherits
359 silly ADD node_modules/inflight
360 silly ADD node_modules/iconv-lite
361 silly ADD node_modules/https-proxy-agent
362 silly ADD node_modules/https-proxy-agent/node_modules/ms
363 silly ADD node_modules/https-proxy-agent/node_modules/debug
364 silly ADD node_modules/http-errors
365 silly ADD node_modules/hasown
366 silly ADD node_modules/has-unicode
367 silly ADD node_modules/has-tostringtag
368 silly ADD node_modules/has-symbols
369 silly ADD node_modules/has-flag
370 silly ADD node_modules/gridstack
371 silly ADD node_modules/gopd
372 silly ADD node_modules/google-protobuf
373 silly ADD node_modules/glob
374 silly ADD node_modules/get-proto
375 silly ADD node_modules/get-intrinsic
376 silly ADD node_modules/get-caller-file
377 silly ADD node_modules/gauge
378 silly ADD node_modules/function-bind
379 silly ADD node_modules/fs.realpath
380 silly ADD node_modules/fs-minipass
381 silly ADD node_modules/fresh
382 silly ADD node_modules/forwarded
383 silly ADD node_modules/form-data
384 silly ADD node_modules/finalhandler
385 silly ADD node_modules/express
386 silly ADD node_modules/etag
387 silly ADD node_modules/escape-html
388 silly ADD node_modules/escalade
389 silly ADD node_modules/es6-promisify
390 silly ADD node_modules/es6-promise
391 silly ADD node_modules/es-set-tostringtag
392 silly ADD node_modules/es-object-atoms
393 silly ADD node_modules/es-errors
394 silly ADD node_modules/es-define-property
395 silly ADD node_modules/engine.io-parser
396 silly ADD node_modules/engine.io
397 silly ADD node_modules/engine.io/node_modules/ms
398 silly ADD node_modules/engine.io/node_modules/debug
399 silly ADD node_modules/encodeurl
400 silly ADD node_modules/emoji-regex
401 silly ADD node_modules/ee-first
402 silly ADD node_modules/dunder-proto
403 silly ADD node_modules/detect-libc
404 silly ADD node_modules/destroy
405 silly ADD node_modules/depd
406 silly ADD node_modules/delegates
407 silly ADD node_modules/delayed-stream
408 silly ADD node_modules/debug
409 silly ADD node_modules/cors
410 silly ADD node_modules/core-js
411 silly ADD node_modules/cookie-signature
412 silly ADD node_modules/cookie
413 silly ADD node_modules/content-type
414 silly ADD node_modules/content-disposition
415 silly ADD node_modules/console-control-strings
416 silly ADD node_modules/concat-map
417 silly ADD node_modules/compression
418 silly ADD node_modules/compressible
419 silly ADD node_modules/combined-stream
420 silly ADD node_modules/color-support
421 silly ADD node_modules/color-name
422 silly ADD node_modules/color-convert
423 silly ADD node_modules/cliui
424 silly ADD node_modules/chownr
425 silly ADD node_modules/chalk
426 silly ADD node_modules/call-bound
427 silly ADD node_modules/call-bind-apply-helpers
428 silly ADD node_modules/bytes
429 silly ADD node_modules/brace-expansion
430 silly ADD node_modules/body-parser
431 silly ADD node_modules/base64id
432 silly ADD node_modules/balanced-match
433 silly ADD node_modules/asynckit
434 silly ADD node_modules/array-flatten
435 silly ADD node_modules/argparse
436 silly ADD node_modules/are-we-there-yet
437 silly ADD node_modules/aproba
438 silly ADD node_modules/ansi-styles
439 silly ADD node_modules/ansi-regex
440 silly ADD node_modules/agent-base
441 silly ADD node_modules/adm-zip
442 silly ADD node_modules/accepts
443 silly ADD node_modules/accepts/node_modules/negotiator
444 silly ADD node_modules/abbrev
445 silly ADD node_modules/@webgpu/types
446 silly ADD node_modules/@types/ws
447 silly ADD node_modules/@types/webgl2
448 silly ADD node_modules/@types/webgl-ext
449 silly ADD node_modules/@types/seedrandom
450 silly ADD node_modules/@types/offscreencanvas
451 silly ADD node_modules/@types/node-fetch
452 silly ADD node_modules/@types/node
453 silly ADD node_modules/@types/long
454 silly ADD node_modules/@types/cors
455 silly ADD node_modules/@tensorflow/tfjs-node
456 silly ADD node_modules/@tensorflow/tfjs-core
457 silly ADD node_modules/@tensorflow/tfjs-converter
458 silly ADD node_modules/@tensorflow/tfjs
459 silly ADD node_modules/@tensorflow/tfjs/node_modules/@webgpu/types
460 silly ADD node_modules/@tensorflow/tfjs/node_modules/@types/offscreencanvas
461 silly ADD node_modules/@tensorflow/tfjs/node_modules/@tensorflow/tfjs-layers
462 silly ADD node_modules/@tensorflow/tfjs/node_modules/@tensorflow/tfjs-data
463 silly ADD node_modules/@tensorflow/tfjs/node_modules/@tensorflow/tfjs-core
464 silly ADD node_modules/@tensorflow/tfjs/node_modules/@tensorflow/tfjs-converter
465 silly ADD node_modules/@tensorflow/tfjs/node_modules/@tensorflow/tfjs-backend-webgl
466 silly ADD node_modules/@tensorflow/tfjs/node_modules/@tensorflow/tfjs-backend-cpu
467 silly ADD node_modules/@tensorflow-models/coco-ssd
468 silly ADD node_modules/@socket.io/component-emitter
469 silly ADD node_modules/@mapbox/node-pre-gyp
470 silly ADD node_modules/@mapbox/node-pre-gyp/node_modules/yallist
471 silly ADD node_modules/@mapbox/node-pre-gyp/node_modules/tar
472 silly ADD node_modules/@mapbox/node-pre-gyp/node_modules/rimraf
473 silly ADD node_modules/@mapbox/node-pre-gyp/node_modules/ms
474 silly ADD node_modules/@mapbox/node-pre-gyp/node_modules/mkdirp
475 silly ADD node_modules/@mapbox/node-pre-gyp/node_modules/minizlib
476 silly ADD node_modules/@mapbox/node-pre-gyp/node_modules/minizlib/node_modules/minipass
477 silly ADD node_modules/@mapbox/node-pre-gyp/node_modules/minipass
478 silly ADD node_modules/@mapbox/node-pre-gyp/node_modules/https-proxy-agent
479 silly ADD node_modules/@mapbox/node-pre-gyp/node_modules/fs-minipass
480 silly ADD node_modules/@mapbox/node-pre-gyp/node_modules/fs-minipass/node_modules/minipass
481 silly ADD node_modules/@mapbox/node-pre-gyp/node_modules/debug
482 silly ADD node_modules/@mapbox/node-pre-gyp/node_modules/chownr
483 silly ADD node_modules/@mapbox/node-pre-gyp/node_modules/agent-base
484 warn allow-scripts 4 packages have install scripts not yet covered by allowScripts:
484 warn allow-scripts   @tensorflow/tfjs-node@3.21.1 (install: node scripts/install.js)
484 warn allow-scripts   core-js@3.49.0 (postinstall: node -e "try{require('./postinstall')}catch(e){}")
484 warn allow-scripts   node-red-contrib-tfjs-coco-ssd@1.0.6 (postinstall: npm rebuild @tensorflow/tfjs-node --build-from-source)
484 warn allow-scripts   node-red-dashboard@3.6.6 (postinstall: node fixgrid.js)
484 warn allow-scripts
484 warn allow-scripts Run `npm approve-scripts --allow-scripts-pending` to review, or `npm approve-scripts <pkg>` to allow.
485 verbose cwd /data
486 verbose os Linux 5.15.153.1-microsoft-standard-WSL2
487 verbose node v24.16.0
488 verbose npm  v11.16.0
489 verbose exit 0
490 info ok
