0 verbose cli /usr/local/bin/node /usr/src/node-red/node_modules/npm/bin/npm-cli.js
1 info using npm@10.9.8
2 info using node@v20.20.2
3 silly config load:file:/usr/src/node-red/node_modules/npm/npmrc
4 silly config load:file:/data/.npmrc
5 silly config load:file:/usr/src/node-red/.npmrc
6 silly config load:file:/usr/local/etc/npmrc
7 verbose title npm install node-red-contrib-image-output@0.6.4
8 verbose argv "install" "--no-audit" "--no-update-notifier" "--no-fund" "--save" "--save-prefix" "~" "--omit" "dev" "--engine-strict" "--" "node-red-contrib-image-output@0.6.4"
9 verbose logfile logs-max:10 dir:/data/.npm/_logs/2026-05-26T19_08_54_895Z-
10 verbose logfile /data/.npm/_logs/2026-05-26T19_08_54_895Z-debug-0.log
11 silly logfile done cleaning log files
12 silly packumentCache heap:2197815296 maxSize:549453824 maxEntrySize:274726912
13 silly idealTree buildDeps
14 silly fetch manifest node-red-contrib-image-output@0.6.4
15 silly packumentCache full:https://registry.npmjs.org/node-red-contrib-image-output cache-miss
16 http fetch GET 200 https://registry.npmjs.org/node-red-contrib-image-output 896ms (cache miss)
17 silly packumentCache full:https://registry.npmjs.org/node-red-contrib-image-output set size:undefined disposed:false
18 silly placeDep ROOT node-red-contrib-image-output@0.6.4 OK for: node-red-project@0.0.1 want: 0.6.4
19 silly fetch manifest jimp-compact@~0.10.1
20 silly packumentCache full:https://registry.npmjs.org/jimp-compact cache-miss
21 http fetch GET 200 https://registry.npmjs.org/jimp-compact 590ms (cache miss)
22 silly packumentCache full:https://registry.npmjs.org/jimp-compact set size:undefined disposed:false
23 silly placeDep ROOT jimp-compact@0.10.3 OK for: node-red-contrib-image-output@0.6.4 want: ~0.10.1
24 silly reify moves {}
25 http cache jimp-compact@https://registry.npmjs.org/jimp-compact/-/jimp-compact-0.10.3.tgz 0ms (cache hit)
26 http cache node-red-contrib-image-output@https://registry.npmjs.org/node-red-contrib-image-output/-/node-red-contrib-image-output-0.6.4.tgz 0ms (cache hit)
27 silly tarball no local data for jimp-compact@https://registry.npmjs.org/jimp-compact/-/jimp-compact-0.10.3.tgz. Extracting by manifest.
28 silly tarball no local data for node-red-contrib-image-output@https://registry.npmjs.org/node-red-contrib-image-output/-/node-red-contrib-image-output-0.6.4.tgz. Extracting by manifest.
29 http fetch GET 200 https://registry.npmjs.org/node-red-contrib-image-output/-/node-red-contrib-image-output-0.6.4.tgz 631ms (cache miss)
30 http fetch GET 200 https://registry.npmjs.org/jimp-compact/-/jimp-compact-0.10.3.tgz 1089ms (cache miss)
31 silly ADD node_modules/jimp-compact
32 silly ADD node_modules/node-red-contrib-image-output
33 verbose cwd /data
34 verbose os Linux 5.15.167.4-microsoft-standard-WSL2
35 verbose node v20.20.2
36 verbose npm  v10.9.8
37 verbose exit 0
38 info ok
