0 verbose cli /usr/local/bin/node /usr/src/node-red/node_modules/.bin/npm
1 info using npm@11.16.0
2 info using node@v24.16.0
3 silly config load:file:/usr/src/node-red/node_modules/npm/npmrc
4 silly config load:file:/data/node_modules/node-red-contrib-tfjs-coco-ssd/.npmrc
5 silly config load:file:/usr/src/node-red/.npmrc
6 silly config load:file:/usr/local/etc/npmrc
7 verbose title npm rebuild @tensorflow/tfjs-node
8 verbose argv "rebuild" "@tensorflow/tfjs-node" "--build-from-source"
9 verbose logfile logs-max:10 dir:/data/.npm/_logs/2026-06-17T17_02_40_087Z-
10 verbose logfile /data/.npm/_logs/2026-06-17T17_02_40_087Z-debug-0.log
11 warn Unknown cli config "--build-from-source". This will stop working in the next major version of npm.
12 silly logfile done cleaning log files
13 silly packumentCache heap:2348810240 maxSize:587202560 maxEntrySize:293601280
14 verbose cwd /data/node_modules/node-red-contrib-tfjs-coco-ssd
15 verbose os Linux 6.6.87.2-microsoft-standard-WSL2
16 verbose node v24.16.0
17 verbose npm  v11.16.0
18 verbose exit 0
19 info ok
