0 verbose cli /usr/local/bin/node /usr/src/node-red/node_modules/npm/bin/npm-cli.js
1 info using npm@10.9.8
2 info using node@v20.20.2
3 silly config load:file:/usr/src/node-red/node_modules/npm/npmrc
4 silly config load:file:/data/.npmrc
5 silly config load:file:/usr/src/node-red/.npmrc
6 silly config load:file:/usr/local/etc/npmrc
7 verbose title npm install node-red-dashboard@3.6.6
8 verbose argv "install" "--no-audit" "--no-update-notifier" "--no-fund" "--save" "--save-prefix" "~" "--omit" "dev" "--engine-strict" "--" "node-red-dashboard@3.6.6"
9 verbose logfile logs-max:10 dir:/data/.npm/_logs/2026-05-26T17_19_49_460Z-
10 verbose logfile /data/.npm/_logs/2026-05-26T17_19_49_460Z-debug-0.log
11 silly logfile done cleaning log files
12 silly packumentCache heap:2197815296 maxSize:549453824 maxEntrySize:274726912
13 silly idealTree buildDeps
14 silly fetch manifest node-red-dashboard@3.6.6
15 silly packumentCache full:https://registry.npmjs.org/node-red-dashboard cache-miss
16 http fetch GET 200 https://registry.npmjs.org/node-red-dashboard 1975ms (cache miss)
17 silly packumentCache full:https://registry.npmjs.org/node-red-dashboard set size:undefined disposed:false
18 silly placeDep ROOT node-red-dashboard@3.6.6 OK for: node-red-project@0.0.1 want: 3.6.6
19 silly fetch manifest gridstack@^0.6.4
20 silly packumentCache full:https://registry.npmjs.org/gridstack cache-miss
21 silly fetch manifest socket.io@^4.8.1
22 silly packumentCache full:https://registry.npmjs.org/socket.io cache-miss
23 http fetch GET 200 https://registry.npmjs.org/gridstack 558ms (cache miss)
24 silly packumentCache full:https://registry.npmjs.org/gridstack set size:undefined disposed:false
25 http fetch GET 200 https://registry.npmjs.org/socket.io 773ms (cache miss)
26 silly packumentCache full:https://registry.npmjs.org/socket.io set size:undefined disposed:false
27 silly placeDep ROOT gridstack@0.6.4 OK for: node-red-dashboard@3.6.6 want: ^0.6.4
28 silly placeDep ROOT socket.io@4.8.3 OK for: node-red-dashboard@3.6.6 want: ^4.8.1
29 silly fetch manifest jquery@^1.8 || 2 || 3
30 silly packumentCache full:https://registry.npmjs.org/jquery cache-miss
31 silly fetch manifest base64id@~2.0.0
32 silly packumentCache full:https://registry.npmjs.org/base64id cache-miss
33 silly fetch manifest cors@~2.8.5
34 silly packumentCache full:https://registry.npmjs.org/cors cache-miss
35 silly fetch manifest debug@~4.4.1
36 silly packumentCache full:https://registry.npmjs.org/debug cache-miss
37 silly fetch manifest engine.io@~6.6.0
38 silly packumentCache full:https://registry.npmjs.org/engine.io cache-miss
39 silly fetch manifest socket.io-adapter@~2.5.2
40 silly packumentCache full:https://registry.npmjs.org/socket.io-adapter cache-miss
41 silly fetch manifest socket.io-parser@~4.2.4
42 silly packumentCache full:https://registry.npmjs.org/socket.io-parser cache-miss
43 http fetch GET 200 https://registry.npmjs.org/jquery 288ms (cache miss)
44 silly packumentCache full:https://registry.npmjs.org/jquery set size:undefined disposed:false
45 http fetch GET 200 https://registry.npmjs.org/base64id 395ms (cache miss)
46 silly packumentCache full:https://registry.npmjs.org/base64id set size:undefined disposed:false
47 http fetch GET 200 https://registry.npmjs.org/cors 579ms (cache miss)
48 silly packumentCache full:https://registry.npmjs.org/cors set size:undefined disposed:false
49 http fetch GET 200 https://registry.npmjs.org/debug 584ms (cache revalidated)
50 silly packumentCache full:https://registry.npmjs.org/debug set size:195840 disposed:false
51 http fetch GET 200 https://registry.npmjs.org/socket.io-adapter 688ms (cache miss)
52 silly packumentCache full:https://registry.npmjs.org/socket.io-adapter set size:undefined disposed:false
53 http fetch GET 200 https://registry.npmjs.org/socket.io-parser 691ms (cache miss)
54 silly packumentCache full:https://registry.npmjs.org/socket.io-parser set size:undefined disposed:false
55 http fetch GET 200 https://registry.npmjs.org/engine.io 787ms (cache miss)
56 silly packumentCache full:https://registry.npmjs.org/engine.io set size:undefined disposed:false
57 silly placeDep ROOT jquery@3.7.1 OK for: gridstack@0.6.4 want: ^1.8 || 2 || 3
58 silly placeDep ROOT base64id@2.0.0 OK for: socket.io@4.8.3 want: ~2.0.0
59 silly placeDep ROOT cors@2.8.6 OK for: socket.io@4.8.3 want: ~2.8.5
60 silly placeDep node_modules/socket.io debug@4.4.3 OK for: socket.io@4.8.3 want: ~4.4.1
61 silly placeDep ROOT engine.io@6.6.8 OK for: socket.io@4.8.3 want: ~6.6.0
62 silly placeDep ROOT socket.io-adapter@2.5.7 OK for: socket.io@4.8.3 want: ~2.5.2
63 silly placeDep ROOT socket.io-parser@4.2.6 OK for: socket.io@4.8.3 want: ~4.2.4
64 silly fetch manifest ms@^2.1.3
65 silly packumentCache full:https://registry.npmjs.org/ms cache-miss
66 silly fetch manifest @types/cors@^2.8.12
67 silly packumentCache full:https://registry.npmjs.org/@types%2fcors cache-miss
68 silly fetch manifest @types/ws@^8.5.12
69 silly packumentCache full:https://registry.npmjs.org/@types%2fws cache-miss
70 silly fetch manifest engine.io-parser@~5.2.1
71 silly packumentCache full:https://registry.npmjs.org/engine.io-parser cache-miss
72 silly fetch manifest ws@~8.20.1
73 silly packumentCache full:https://registry.npmjs.org/ws cache-miss
74 silly fetch manifest ws@~8.20.1
75 silly packumentCache full:https://registry.npmjs.org/ws cache-miss
76 silly fetch manifest @socket.io/component-emitter@~3.1.0
77 silly packumentCache full:https://registry.npmjs.org/@socket.io%2fcomponent-emitter cache-miss
78 http fetch GET 200 https://registry.npmjs.org/ms 183ms (cache revalidated)
79 silly packumentCache full:https://registry.npmjs.org/ms set size:92208 disposed:false
80 http fetch GET 200 https://registry.npmjs.org/@types%2fcors 287ms (cache miss)
81 silly packumentCache full:https://registry.npmjs.org/@types%2fcors set size:undefined disposed:false
82 http fetch GET 200 https://registry.npmjs.org/ws 387ms (cache miss)
83 silly packumentCache full:https://registry.npmjs.org/ws set size:undefined disposed:false
84 http fetch GET 200 https://registry.npmjs.org/engine.io-parser 394ms (cache miss)
85 silly packumentCache full:https://registry.npmjs.org/engine.io-parser set size:undefined disposed:false
86 http fetch GET 200 https://registry.npmjs.org/ws 394ms (cache miss)
87 silly packumentCache full:https://registry.npmjs.org/ws set size:undefined disposed:false
88 http fetch GET 200 https://registry.npmjs.org/@types%2fws 604ms (cache miss)
89 silly packumentCache full:https://registry.npmjs.org/@types%2fws set size:undefined disposed:false
90 http fetch GET 200 https://registry.npmjs.org/@socket.io%2fcomponent-emitter 802ms (cache miss)
91 silly packumentCache full:https://registry.npmjs.org/@socket.io%2fcomponent-emitter set size:undefined disposed:false
92 silly fetch manifest bufferutil@^4.0.1
93 silly packumentCache full:https://registry.npmjs.org/bufferutil cache-miss
94 http fetch GET 200 https://registry.npmjs.org/bufferutil 102ms (cache miss)
95 silly packumentCache full:https://registry.npmjs.org/bufferutil set size:undefined disposed:false
96 silly fetch manifest utf-8-validate@>=5.0.2
97 silly packumentCache full:https://registry.npmjs.org/utf-8-validate cache-miss
98 http fetch GET 200 https://registry.npmjs.org/utf-8-validate 187ms (cache miss)
99 silly packumentCache full:https://registry.npmjs.org/utf-8-validate set size:undefined disposed:false
100 silly placeDep ROOT @types/cors@2.8.19 OK for: engine.io@6.6.8 want: ^2.8.12
101 silly placeDep ROOT @types/ws@8.18.1 OK for: engine.io@6.6.8 want: ^8.5.12
102 silly placeDep node_modules/engine.io debug@4.4.3 OK for: engine.io@6.6.8 want: ~4.4.1
103 silly placeDep ROOT engine.io-parser@5.2.3 OK for: engine.io@6.6.8 want: ~5.2.1
104 silly placeDep ROOT ws@8.20.1 OK for: engine.io@6.6.8 want: ~8.20.1
105 silly placeDep node_modules/socket.io-adapter debug@4.4.3 OK for: socket.io-adapter@2.5.7 want: ~4.4.1
106 silly placeDep ROOT @socket.io/component-emitter@3.1.2 OK for: socket.io-parser@4.2.6 want: ~3.1.0
107 silly placeDep node_modules/socket.io-parser debug@4.4.3 OK for: socket.io-parser@4.2.6 want: ~4.4.1
108 silly placeDep node_modules/engine.io ms@2.1.3 OK for: debug@4.4.3 want: ^2.1.3
109 silly placeDep node_modules/socket.io-adapter ms@2.1.3 OK for: debug@4.4.3 want: ^2.1.3
110 silly placeDep node_modules/socket.io-parser ms@2.1.3 OK for: debug@4.4.3 want: ^2.1.3
111 silly placeDep node_modules/socket.io ms@2.1.3 OK for: debug@4.4.3 want: ^2.1.3
112 silly reify moves {}
113 http cache ws@https://registry.npmjs.org/ws/-/ws-8.20.1.tgz 0ms (cache hit)
114 http cache engine.io-parser@https://registry.npmjs.org/engine.io-parser/-/engine.io-parser-5.2.3.tgz 0ms (cache hit)
115 http cache socket.io-parser@https://registry.npmjs.org/socket.io-parser/-/socket.io-parser-4.2.6.tgz 0ms (cache hit)
116 http cache @types/ws@https://registry.npmjs.org/@types/ws/-/ws-8.18.1.tgz 0ms (cache hit)
117 http cache @socket.io/component-emitter@https://registry.npmjs.org/@socket.io/component-emitter/-/component-emitter-3.1.2.tgz 0ms (cache hit)
118 http cache socket.io-adapter@https://registry.npmjs.org/socket.io-adapter/-/socket.io-adapter-2.5.7.tgz 0ms (cache hit)
119 http cache @types/cors@https://registry.npmjs.org/@types/cors/-/cors-2.8.19.tgz 0ms (cache hit)
120 http cache engine.io@https://registry.npmjs.org/engine.io/-/engine.io-6.6.8.tgz 0ms (cache hit)
121 http cache cors@https://registry.npmjs.org/cors/-/cors-2.8.6.tgz 0ms (cache hit)
122 http cache base64id@https://registry.npmjs.org/base64id/-/base64id-2.0.0.tgz 0ms (cache hit)
123 http cache jquery@https://registry.npmjs.org/jquery/-/jquery-3.7.1.tgz 0ms (cache hit)
124 http cache socket.io@https://registry.npmjs.org/socket.io/-/socket.io-4.8.3.tgz 0ms (cache hit)
125 http cache gridstack@https://registry.npmjs.org/gridstack/-/gridstack-0.6.4.tgz 0ms (cache hit)
126 http cache node-red-dashboard@https://registry.npmjs.org/node-red-dashboard/-/node-red-dashboard-3.6.6.tgz 0ms (cache hit)
127 http cache debug@https://registry.npmjs.org/debug/-/debug-4.4.3.tgz 0ms (cache hit)
128 http cache debug@https://registry.npmjs.org/debug/-/debug-4.4.3.tgz 0ms (cache hit)
129 http cache ms@https://registry.npmjs.org/ms/-/ms-2.1.3.tgz 0ms (cache hit)
130 http cache ms@https://registry.npmjs.org/ms/-/ms-2.1.3.tgz 0ms (cache hit)
131 http cache debug@https://registry.npmjs.org/debug/-/debug-4.4.3.tgz 0ms (cache hit)
132 http cache ms@https://registry.npmjs.org/ms/-/ms-2.1.3.tgz 0ms (cache hit)
133 silly tarball no local data for ws@https://registry.npmjs.org/ws/-/ws-8.20.1.tgz. Extracting by manifest.
134 silly tarball no local data for engine.io-parser@https://registry.npmjs.org/engine.io-parser/-/engine.io-parser-5.2.3.tgz. Extracting by manifest.
135 silly tarball no local data for @types/ws@https://registry.npmjs.org/@types/ws/-/ws-8.18.1.tgz. Extracting by manifest.
136 silly tarball no local data for socket.io-parser@https://registry.npmjs.org/socket.io-parser/-/socket.io-parser-4.2.6.tgz. Extracting by manifest.
137 http cache ms@https://registry.npmjs.org/ms/-/ms-2.1.3.tgz 0ms (cache hit)
138 silly tarball no local data for @socket.io/component-emitter@https://registry.npmjs.org/@socket.io/component-emitter/-/component-emitter-3.1.2.tgz. Extracting by manifest.
139 silly tarball no local data for socket.io-adapter@https://registry.npmjs.org/socket.io-adapter/-/socket.io-adapter-2.5.7.tgz. Extracting by manifest.
140 http cache debug@https://registry.npmjs.org/debug/-/debug-4.4.3.tgz 0ms (cache hit)
141 silly tarball no local data for @types/cors@https://registry.npmjs.org/@types/cors/-/cors-2.8.19.tgz. Extracting by manifest.
142 silly tarball no local data for engine.io@https://registry.npmjs.org/engine.io/-/engine.io-6.6.8.tgz. Extracting by manifest.
143 silly tarball no local data for cors@https://registry.npmjs.org/cors/-/cors-2.8.6.tgz. Extracting by manifest.
144 silly tarball no local data for base64id@https://registry.npmjs.org/base64id/-/base64id-2.0.0.tgz. Extracting by manifest.
145 silly tarball no local data for jquery@https://registry.npmjs.org/jquery/-/jquery-3.7.1.tgz. Extracting by manifest.
146 silly tarball no local data for gridstack@https://registry.npmjs.org/gridstack/-/gridstack-0.6.4.tgz. Extracting by manifest.
147 silly tarball no local data for socket.io@https://registry.npmjs.org/socket.io/-/socket.io-4.8.3.tgz. Extracting by manifest.
148 silly tarball no local data for node-red-dashboard@https://registry.npmjs.org/node-red-dashboard/-/node-red-dashboard-3.6.6.tgz. Extracting by manifest.
149 http fetch GET 200 https://registry.npmjs.org/@types/cors/-/cors-2.8.19.tgz 325ms (cache miss)
150 http fetch GET 200 https://registry.npmjs.org/socket.io-adapter/-/socket.io-adapter-2.5.7.tgz 456ms (cache miss)
151 http fetch GET 200 https://registry.npmjs.org/@types/ws/-/ws-8.18.1.tgz 470ms (cache miss)
152 http fetch GET 200 https://registry.npmjs.org/cors/-/cors-2.8.6.tgz 734ms (cache miss)
153 http fetch GET 200 https://registry.npmjs.org/base64id/-/base64id-2.0.0.tgz 751ms (cache miss)
154 http fetch GET 200 https://registry.npmjs.org/ws/-/ws-8.20.1.tgz 859ms (cache miss)
155 http fetch GET 200 https://registry.npmjs.org/@socket.io/component-emitter/-/component-emitter-3.1.2.tgz 864ms (cache miss)
156 http fetch GET 200 https://registry.npmjs.org/socket.io-parser/-/socket.io-parser-4.2.6.tgz 1368ms (cache miss)
157 http fetch GET 200 https://registry.npmjs.org/engine.io-parser/-/engine.io-parser-5.2.3.tgz 1666ms (cache miss)
158 http fetch GET 200 https://registry.npmjs.org/gridstack/-/gridstack-0.6.4.tgz 1692ms (cache miss)
159 http fetch GET 200 https://registry.npmjs.org/engine.io/-/engine.io-6.6.8.tgz 1813ms (cache miss)
160 http fetch GET 200 https://registry.npmjs.org/socket.io/-/socket.io-4.8.3.tgz 1859ms (cache miss)
161 http fetch GET 200 https://registry.npmjs.org/jquery/-/jquery-3.7.1.tgz 2922ms (cache miss)
162 http fetch GET 200 https://registry.npmjs.org/node-red-dashboard/-/node-red-dashboard-3.6.6.tgz 3147ms (cache miss)
163 warn deprecated node-red-dashboard@3.6.6: No longer maintained - please look at alternatives such as @flowfuse/node-red-dashboard or node-red-contrib-uibuilder
164 info run node-red-dashboard@3.6.6 postinstall node_modules/node-red-dashboard node fixgrid.js
165 info run node-red-dashboard@3.6.6 postinstall { code: 0, signal: null }
166 silly ADD node_modules/@socket.io/component-emitter
167 silly ADD node_modules/ws
168 silly ADD node_modules/engine.io-parser
169 silly ADD node_modules/@types/ws
170 silly ADD node_modules/@types/cors
171 silly ADD node_modules/socket.io-parser
172 silly ADD node_modules/socket.io-parser/node_modules/ms
173 silly ADD node_modules/socket.io-parser/node_modules/debug
174 silly ADD node_modules/socket.io-adapter
175 silly ADD node_modules/socket.io-adapter/node_modules/ms
176 silly ADD node_modules/socket.io-adapter/node_modules/debug
177 silly ADD node_modules/engine.io
178 silly ADD node_modules/engine.io/node_modules/ms
179 silly ADD node_modules/engine.io/node_modules/debug
180 silly ADD node_modules/cors
181 silly ADD node_modules/base64id
182 silly ADD node_modules/jquery
183 silly ADD node_modules/socket.io
184 silly ADD node_modules/socket.io/node_modules/ms
185 silly ADD node_modules/socket.io/node_modules/debug
186 silly ADD node_modules/gridstack
187 silly ADD node_modules/node-red-dashboard
188 verbose cwd /data
189 verbose os Linux 5.15.167.4-microsoft-standard-WSL2
190 verbose node v20.20.2
191 verbose npm  v10.9.8
192 verbose exit 0
193 info ok
