1781718989: mosquitto version 2.1.2 starting
1781718989: Config loaded from /mosquitto/config/mosquitto.conf.
1781718989: Bridge support available.
1781718989: Persistence support available.
1781718989: TLS support available.
1781718989: TLS-PSK support available.
1781718989: Websockets support available.
1781718989: password-file: Error: Unable to open pwfile "/mosquitto/config/passwordfile".
1781718989: mosquitto version 2.1.2 terminating
1781718989: Saving in-memory database to /mosquitto/data//mosquitto.db.
1781718989: mosquitto version 2.1.2 starting
1781718989: Config loaded from /mosquitto/config/mosquitto.conf.
1781718989: Bridge support available.
1781718989: Persistence support available.
1781718989: TLS support available.
1781718989: TLS-PSK support available.
1781718989: Websockets support available.
1781718989: password-file: Error: Unable to open pwfile "/mosquitto/config/passwordfile".
1781718989: mosquitto version 2.1.2 terminating
1781718989: Saving in-memory database to /mosquitto/data//mosquitto.db.
1781718990: mosquitto version 2.1.2 starting
1781718990: Config loaded from /mosquitto/config/mosquitto.conf.
1781718990: Bridge support available.
1781718990: Persistence support available.
1781718990: TLS support available.
1781718990: TLS-PSK support available.
1781718990: Websockets support available.
1781718990: password-file: Error: Unable to open pwfile "/mosquitto/config/passwordfile".
1781718990: mosquitto version 2.1.2 terminating
1781718990: Saving in-memory database to /mosquitto/data//mosquitto.db.
1781718991: mosquitto version 2.1.2 starting
1781718991: Config loaded from /mosquitto/config/mosquitto.conf.
1781718991: Bridge support available.
1781718991: Persistence support available.
1781718991: TLS support available.
1781718991: TLS-PSK support available.
1781718991: Websockets support available.
1781718991: password-file: Error: Unable to open pwfile "/mosquitto/config/passwordfile".
1781718991: mosquitto version 2.1.2 terminating
1781718991: Saving in-memory database to /mosquitto/data//mosquitto.db.
1781718992: mosquitto version 2.1.2 starting
1781718992: Config loaded from /mosquitto/config/mosquitto.conf.
1781718992: Bridge support available.
1781718992: Persistence support available.
1781718992: TLS support available.
1781718992: TLS-PSK support available.
1781718992: Websockets support available.
1781718992: password-file: Error: Unable to open pwfile "/mosquitto/config/passwordfile".
1781718992: mosquitto version 2.1.2 terminating
1781718992: Saving in-memory database to /mosquitto/data//mosquitto.db.
1781718994: mosquitto version 2.1.2 starting
1781718994: Config loaded from /mosquitto/config/mosquitto.conf.
1781718994: Bridge support available.
1781718994: Persistence support available.
1781718994: TLS support available.
1781718994: TLS-PSK support available.
1781718994: Websockets support available.
1781718994: password-file: Error: Unable to open pwfile "/mosquitto/config/passwordfile".
1781718994: mosquitto version 2.1.2 terminating
1781718994: Saving in-memory database to /mosquitto/data//mosquitto.db.
1781718997: mosquitto version 2.1.2 starting
1781718997: Config loaded from /mosquitto/config/mosquitto.conf.
1781718997: Bridge support available.
1781718997: Persistence support available.
1781718997: TLS support available.
1781718997: TLS-PSK support available.
1781718997: Websockets support available.
1781718997: password-file: Error: Unable to open pwfile "/mosquitto/config/passwordfile".
1781718997: mosquitto version 2.1.2 terminating
1781718997: Saving in-memory database to /mosquitto/data//mosquitto.db.
1781719004: mosquitto version 2.1.2 starting
1781719004: Config loaded from /mosquitto/config/mosquitto.conf.
1781719004: Bridge support available.
1781719004: Persistence support available.
1781719004: TLS support available.
1781719004: TLS-PSK support available.
1781719004: Websockets support available.
1781719004: password-file: Error: Unable to open pwfile "/mosquitto/config/passwordfile".
1781719004: mosquitto version 2.1.2 terminating
1781719004: Saving in-memory database to /mosquitto/data//mosquitto.db.
1781719017: mosquitto version 2.1.2 starting
1781719017: Config loaded from /mosquitto/config/mosquitto.conf.
1781719017: Bridge support available.
1781719017: Persistence support available.
1781719017: TLS support available.
1781719017: TLS-PSK support available.
1781719017: Websockets support available.
1781719017: password-file: Error: Unable to open pwfile "/mosquitto/config/passwordfile".
1781719017: mosquitto version 2.1.2 terminating
1781719017: Saving in-memory database to /mosquitto/data//mosquitto.db.
1781719043: mosquitto version 2.1.2 starting
1781719043: Config loaded from /mosquitto/config/mosquitto.conf.
1781719043: Bridge support available.
1781719043: Persistence support available.
1781719043: TLS support available.
1781719043: TLS-PSK support available.
1781719043: Websockets support available.
1781719043: password-file: Error: Unable to open pwfile "/mosquitto/config/passwordfile".
1781719043: mosquitto version 2.1.2 terminating
1781719043: Saving in-memory database to /mosquitto/data//mosquitto.db.
1781719095: mosquitto version 2.1.2 starting
1781719095: Config loaded from /mosquitto/config/mosquitto.conf.
1781719095: Bridge support available.
1781719095: Persistence support available.
1781719095: TLS support available.
1781719095: TLS-PSK support available.
1781719095: Websockets support available.
1781719095: password-file: Error: Unable to open pwfile "/mosquitto/config/passwordfile".
1781719095: mosquitto version 2.1.2 terminating
1781719095: Saving in-memory database to /mosquitto/data//mosquitto.db.
1781719155: mosquitto version 2.1.2 starting
1781719155: Config loaded from /mosquitto/config/mosquitto.conf.
1781719155: Bridge support available.
1781719155: Persistence support available.
1781719155: TLS support available.
1781719155: TLS-PSK support available.
1781719155: Websockets support available.
1781719155: password-file: Error: Unable to open pwfile "/mosquitto/config/passwordfile".
1781719155: mosquitto version 2.1.2 terminating
1781719155: Saving in-memory database to /mosquitto/data//mosquitto.db.
1781719193: mosquitto version 2.1.2 starting
1781719193: Config loaded from /mosquitto/config/mosquitto.conf.
1781719193: Bridge support available.
1781719193: Persistence support available.
1781719193: TLS support available.
1781719193: TLS-PSK support available.
1781719193: Websockets support available.
1781719193: password-file: Error: Unable to open pwfile "/mosquitto/config/passwordfile".
1781719193: mosquitto version 2.1.2 terminating
1781719193: Saving in-memory database to /mosquitto/data//mosquitto.db.
1781719194: mosquitto version 2.1.2 starting
1781719194: Config loaded from /mosquitto/config/mosquitto.conf.
1781719194: Bridge support available.
1781719194: Persistence support available.
1781719194: TLS support available.
1781719194: TLS-PSK support available.
1781719194: Websockets support available.
1781719194: password-file: Error: Unable to open pwfile "/mosquitto/config/passwordfile".
1781719194: mosquitto version 2.1.2 terminating
1781719194: Saving in-memory database to /mosquitto/data//mosquitto.db.
1781719195: mosquitto version 2.1.2 starting
1781719195: Config loaded from /mosquitto/config/mosquitto.conf.
1781719195: Bridge support available.
1781719195: Persistence support available.
1781719195: TLS support available.
1781719195: TLS-PSK support available.
1781719195: Websockets support available.
1781719195: password-file: Error: Unable to open pwfile "/mosquitto/config/passwordfile".
1781719195: mosquitto version 2.1.2 terminating
1781719195: Saving in-memory database to /mosquitto/data//mosquitto.db.
1781719195: mosquitto version 2.1.2 starting
1781719195: Config loaded from /mosquitto/config/mosquitto.conf.
1781719195: Bridge support available.
1781719195: Persistence support available.
1781719195: TLS support available.
1781719195: TLS-PSK support available.
1781719195: Websockets support available.
1781719195: password-file: Error: Unable to open pwfile "/mosquitto/config/passwordfile".
1781719195: mosquitto version 2.1.2 terminating
1781719195: Saving in-memory database to /mosquitto/data//mosquitto.db.
1781719197: mosquitto version 2.1.2 starting
1781719197: Config loaded from /mosquitto/config/mosquitto.conf.
1781719197: Bridge support available.
1781719197: Persistence support available.
1781719197: TLS support available.
1781719197: TLS-PSK support available.
1781719197: Websockets support available.
1781719197: password-file: Error: Unable to open pwfile "/mosquitto/config/passwordfile".
1781719197: mosquitto version 2.1.2 terminating
1781719197: Saving in-memory database to /mosquitto/data//mosquitto.db.
1781719199: mosquitto version 2.1.2 starting
1781719199: Config loaded from /mosquitto/config/mosquitto.conf.
1781719199: Bridge support available.
1781719199: Persistence support available.
1781719199: TLS support available.
1781719199: TLS-PSK support available.
1781719199: Websockets support available.
1781719199: password-file: Error: Unable to open pwfile "/mosquitto/config/passwordfile".
1781719199: mosquitto version 2.1.2 terminating
1781719199: Saving in-memory database to /mosquitto/data//mosquitto.db.
1781719202: mosquitto version 2.1.2 starting
1781719202: Config loaded from /mosquitto/config/mosquitto.conf.
1781719202: Bridge support available.
1781719202: Persistence support available.
1781719202: TLS support available.
1781719202: TLS-PSK support available.
1781719202: Websockets support available.
1781719202: password-file: Error: Unable to open pwfile "/mosquitto/config/passwordfile".
1781719202: mosquitto version 2.1.2 terminating
1781719202: Saving in-memory database to /mosquitto/data//mosquitto.db.
1781719209: mosquitto version 2.1.2 starting
1781719209: Config loaded from /mosquitto/config/mosquitto.conf.
1781719209: Bridge support available.
1781719209: Persistence support available.
1781719209: TLS support available.
1781719209: TLS-PSK support available.
1781719209: Websockets support available.
1781719209: password-file: Error: Unable to open pwfile "/mosquitto/config/passwordfile".
1781719209: mosquitto version 2.1.2 terminating
1781719209: Saving in-memory database to /mosquitto/data//mosquitto.db.
1781719222: mosquitto version 2.1.2 starting
1781719222: Config loaded from /mosquitto/config/mosquitto.conf.
1781719222: Bridge support available.
1781719222: Persistence support available.
1781719222: TLS support available.
1781719222: TLS-PSK support available.
1781719222: Websockets support available.
1781719222: password-file: Error: Unable to open pwfile "/mosquitto/config/passwordfile".
1781719222: mosquitto version 2.1.2 terminating
1781719222: Saving in-memory database to /mosquitto/data//mosquitto.db.
1781719248: mosquitto version 2.1.2 starting
1781719248: Config loaded from /mosquitto/config/mosquitto.conf.
1781719248: Bridge support available.
1781719248: Persistence support available.
1781719248: TLS support available.
1781719248: TLS-PSK support available.
1781719248: Websockets support available.
1781719248: password-file: Error: Unable to open pwfile "/mosquitto/config/passwordfile".
1781719248: mosquitto version 2.1.2 terminating
1781719248: Saving in-memory database to /mosquitto/data//mosquitto.db.
1781719300: mosquitto version 2.1.2 starting
1781719300: Config loaded from /mosquitto/config/mosquitto.conf.
1781719300: Bridge support available.
1781719300: Persistence support available.
1781719300: TLS support available.
1781719300: TLS-PSK support available.
1781719300: Websockets support available.
1781719300: password-file: Error: Unable to open pwfile "/mosquitto/config/passwordfile".
1781719300: mosquitto version 2.1.2 terminating
1781719300: Saving in-memory database to /mosquitto/data//mosquitto.db.
1781719360: mosquitto version 2.1.2 starting
1781719360: Config loaded from /mosquitto/config/mosquitto.conf.
1781719360: Bridge support available.
1781719360: Persistence support available.
1781719360: TLS support available.
1781719360: TLS-PSK support available.
1781719360: Websockets support available.
1781719360: Plugin builtin-security has registered to receive 'basic-auth' events.
1781719360: Warning: File /mosquitto/config/aclfile has world readable permissions. Future versions will refuse to load this file.
To fix this, use `chmod 0700 /mosquitto/config/aclfile`.

1781719360: Warning: File /mosquitto/config/aclfile owner is not mosquitto. Future versions will refuse to load this file.To fix this, use `chown mosquitto /mosquitto/config/aclfile`.

1781719360: Warning: File /mosquitto/config/aclfile group is not mosquitto. Future versions will refuse to load this file.

1781719360: Plugin builtin-security has registered to receive 'acl-check' events.
1781719360: Opening ipv4 listen socket on port 8883.
1781719360: Opening ipv6 listen socket on port 8883.
1781719360: mosquitto version 2.1.2 running
1781719367: mosquitto version 2.1.2 terminating
1781719367: Saving in-memory database to /mosquitto/data//mosquitto.db.
1781719372: mosquitto version 2.1.2 starting
1781719372: Config loaded from /mosquitto/config/mosquitto.conf.
1781719372: Bridge support available.
1781719372: Persistence support available.
1781719372: TLS support available.
1781719372: TLS-PSK support available.
1781719372: Websockets support available.
1781719372: Plugin builtin-security has registered to receive 'basic-auth' events.
1781719372: Warning: File /mosquitto/config/aclfile has world readable permissions. Future versions will refuse to load this file.
To fix this, use `chmod 0700 /mosquitto/config/aclfile`.

1781719372: Warning: File /mosquitto/config/aclfile owner is not mosquitto. Future versions will refuse to load this file.To fix this, use `chown mosquitto /mosquitto/config/aclfile`.

1781719372: Warning: File /mosquitto/config/aclfile group is not mosquitto. Future versions will refuse to load this file.

1781719372: Plugin builtin-security has registered to receive 'acl-check' events.
1781719372: Opening ipv4 listen socket on port 8883.
1781719372: Opening ipv6 listen socket on port 8883.
1781719372: mosquitto version 2.1.2 running
1781719443: mosquitto version 2.1.2 terminating
1781719443: Saving in-memory database to /mosquitto/data//mosquitto.db.
1781719444: mosquitto version 2.1.2 starting
1781719444: Config loaded from /mosquitto/config/mosquitto.conf.
1781719444: Bridge support available.
1781719444: Persistence support available.
1781719444: TLS support available.
1781719444: TLS-PSK support available.
1781719444: Websockets support available.
1781719444: Plugin builtin-security has registered to receive 'basic-auth' events.
1781719444: Plugin builtin-security has registered to receive 'acl-check' events.
1781719444: Opening ipv4 listen socket on port 8883.
1781719444: Opening ipv6 listen socket on port 8883.
1781719444: mosquitto version 2.1.2 running
